#
# A fatal error has been detected by the Java Runtime Environment:
#
#  EXCEPTION_ACCESS_VIOLATION (0xc0000005) at pc=0x00007ff991d126c4, pid=17124, tid=4728
#
# JRE version: Java(TM) SE Runtime Environment (24.0.1+9) (build 24.0.1+9-30)
# Java VM: Java HotSpot(TM) 64-Bit Server VM (24.0.1+9-30, mixed mode, emulated-client, sharing, tiered, compressed oops, compressed class ptrs, g1 gc, windows-amd64)
# Problematic frame:
# C  [libasyncProfiler.dll+0x926c4]
#
# No core dump will be written. Minidumps are not enabled by default on client versions of Windows
#
# JFR recording file will be written. Location: C:\Users\rebik\Downloads\AppSpring\hs_err_pid17124.jfr
#
# If you would like to submit a bug report, please visit:
#   https://bugreport.java.com/bugreport/crash.jsp
# The crash happened outside the Java Virtual Machine in native code.
# See problematic frame for where to report the bug.
#

---------------  S U M M A R Y ------------

Command Line: -Djava.library.path=C:\Users\rebik\Downloads\AppSpring\AppSpring\lib --enable-native-access=ALL-UNNAMED -XX:TieredStopAtLevel=1 -Dspring.output.ansi.enabled=always -Dcom.sun.management.jmxremote -Dspring.jmx.enabled=true -Dspring.liveBeansView.mbeanDomain -Dspring.application.admin.enabled=true -Dmanagement.endpoints.jmx.exposure.include=* -Dfile.encoding=UTF-8 -Dsun.stdout.encoding=UTF-8 -Dsun.stderr.encoding=UTF-8 -XX:TieredStopAtLevel=1 -Dspring.output.ansi.enabled=always -Dcom.sun.management.jmxremote -Dspring.jmx.enabled=true -Dspring.liveBeansView.mbeanDomain -Dspring.application.admin.enabled=true -Dmanagement.endpoints.jmx.exposure.include=* -javaagent:C:\Program Files\JetBrains\IntelliJ IDEA 2025.1.2\lib\idea_rt.jar=57399 by.lyofchik.AppSpring.AppSpringApplication

Host: AMD Ryzen 5 5500U with Radeon Graphics         , 12 cores, 7G,  Windows 11 , 64 bit Build 26100 (10.0.26100.4484)
Time: Thu Jul 17 16:18:20 2025  Windows 11 , 64 bit Build 26100 (10.0.26100.4484) elapsed time: 995.267421 seconds (0d 0h 16m 35s)

---------------  T H R E A D  ---------------

Current thread (0x0000012cfc2f0680):  JavaThread "Attach Listener" daemon [_thread_in_native, id=4728, stack(0x0000002c01d00000,0x0000002c01e00000) (1024K)]

Stack: [0x0000002c01d00000,0x0000002c01e00000],  sp=0x0000002c01dfed90,  free space=1019k
Native frames: (J=compiled Java code, j=interpreted, Vv=VM code, C=native code)
C  [libasyncProfiler.dll+0x926c4]  (no source info available)
C  [libasyncProfiler.dll+0x92b9b]  (no source info available)
C  [libasyncProfiler.dll+0x917f4]  (no source info available)
C  [libasyncProfiler.dll+0x9206a]  (no source info available)
C  [libasyncProfiler.dll+0x8cc21]  (no source info available)
C  [libasyncProfiler.dll+0x7e5e1]  (no source info available)
C  [libasyncProfiler.dll+0x7d2f8]  (no source info available)
C  [libasyncProfiler.dll+0x7d1e0]  (no source info available)
C  [libasyncProfiler.dll+0x841b9]  (no source info available)
V  [jvm.dll+0x57eff7]  (no source info available)
V  [jvm.dll+0x57fdac]  (no source info available)
V  [jvm.dll+0x14ca17]  (no source info available)
V  [jvm.dll+0x14dfe1]  (no source info available)
V  [jvm.dll+0x42f456]  (no source info available)
V  [jvm.dll+0x87d76b]  (no source info available)
V  [jvm.dll+0x72ee55]  (no source info available)
C  [ucrtbase.dll+0x37b0]  (no source info available)
C  [KERNEL32.DLL+0x2e8d7]  (no source info available)
C  [ntdll.dll+0x3c34c]  (no source info available)


siginfo: EXCEPTION_ACCESS_VIOLATION (0xc0000005), reading address 0xffffffffffffffff


Registers:
RAX=0x0000000000000010, RBX=0x0000000000000000, RCX=0xffffffffffffffff, RDX=0x007ff953c5301010
RSP=0x0000002c01dfed90, RBP=0x0000012ccd801fd8, RSI=0x0000002c01dfef00, RDI=0x0000012ccd801fd8
R8 =0x0000000000000042, R9 =0x000000008af00000, R10=0x00007ff953ec9fb0, R11=0x0000000000000038
R12=0x0000002c01dfef00, R13=0x0000012cc8305860, R14=0x0000012cfc2f0a48, R15=0x0000012cfc2f0a48
RIP=0x00007ff991d126c4, EFLAGS=0x0000000000010202

XMM[0]=0x0000000000000000 0x0000000000000000
XMM[1]=0x0000000000000000 0x0000000000000000
XMM[2]=0x0000000000000000 0x0000000000000000
XMM[3]=0x0000000000000000 0x0000000000000000
XMM[4]=0x0000000000000000 0x0000000000000000
XMM[5]=0x0000000000000000 0x0000000000000000
XMM[6]=0x0000000000000000 0x0000000000000000
XMM[7]=0x0000000000000000 0x0000000000000000
XMM[8]=0x0000000000000000 0x0000000000000000
XMM[9]=0x0000000000000000 0x0000000000000000
XMM[10]=0x0000000000000000 0x0000000000000000
XMM[11]=0x0000000000000000 0x0000000000000000
XMM[12]=0x0000000000000000 0x0000000000000000
XMM[13]=0x0000000000000000 0x0000000000000000
XMM[14]=0x0000000000000000 0x0000000000000000
XMM[15]=0x0000000000000000 0x0000000000000000
  MXCSR=0x00001fa0


Register to memory mapping:

RAX=0x0000000000000010 is an unknown value
RBX=0x0 is null
RCX=0xffffffffffffffff is an unknown value
RDX=0x007ff953c5301010 is an unknown value
RSP=0x0000002c01dfed90 is pointing into the stack for thread: 0x0000012cfc2f0680
RBP=0x0000012ccd801fd8 points into unknown readable memory: 0x000000008af00000 | 00 00 f0 8a 00 00 00 00
RSI=0x0000002c01dfef00 is pointing into the stack for thread: 0x0000012cfc2f0680
RDI=0x0000012ccd801fd8 points into unknown readable memory: 0x000000008af00000 | 00 00 f0 8a 00 00 00 00
R8 =0x0000000000000042 is an unknown value
R9 =0x000000008af00000 is an oop: java.lang.ref.Reference$ReferenceHandler 
{0x000000008af00000} - klass: 'java/lang/ref/Reference$ReferenceHandler' - flags: 

 - ---- fields (total size 14 words):
 - 'threadLocalRandomProbe' 'I' @12  0 (0x00000000)
 - private volatile 'eetop' 'J' @16  1292721101168 (0x0000012cfc2e9970)
 - private final 'tid' 'J' @24  14 (0x000000000000000e)
 - 'threadLocalRandomSeed' 'J' @32  0 (0x0000000000000000)
 - injected 'jvmti_thread_state' 'J' @40  1291929592480 (0x0000012ccd0122a0)
 - 'threadLocalRandomSecondarySeed' 'I' @48  0 (0x00000000)
 - injected 'jvmti_VTMS_transition_disable_count' 'I' @52  0 (0x00000000)
 - injected 'jfr_epoch' 'S' @56  0 (0x0000)
 - volatile 'interrupted' 'Z' @58  false (0x00)
 - injected 'jvmti_is_in_VTMS_transition' 'Z' @59  false (0x00)
 - private volatile 'name' 'Ljava/lang/String;' @60  "Reference Handler"{0x00000000ffe0a568} (0xffe0a568)
 - private volatile 'contextClassLoader' 'Ljava/lang/ClassLoader;' @64  null (0x00000000)
 - private final 'holder' 'Ljava/lang/Thread$FieldHolder;' @68  a 'java/lang/Thread$FieldHolder'{0x000000008b98b2c0} (0x8b98b2c0)
 - 'threadLocals' 'Ljava/lang/ThreadLocal$ThreadLocalMap;' @72  null (0x00000000)
 - 'inheritableThreadLocals' 'Ljava/lang/ThreadLocal$ThreadLocalMap;' @76  null (0x00000000)
 - private 'scopedValueBindings' 'Ljava/lang/Object;' @80  a 'java/lang/Class'{0x00000000ffe7c890} = 'java/lang/Thread' (0xffe7c890)
 - final 'interruptLock' 'Ljava/lang/Object;' @84  a 'java/lang/Object'{0x000000008b98b2e8} (0x8b98b2e8)
 - private volatile 'parkBlocker' 'Ljava/lang/Object;' @88  null (0x00000000)
 - private 'nioBlocker' 'Lsun/nio/ch/Interruptible;' @92  null (0x00000000)
 - private 'cont' 'Ljdk/internal/vm/Continuation;' @96  null (0x00000000)
 - private volatile 'uncaughtExceptionHandler' 'Ljava/lang/Thread$UncaughtExceptionHandler;' @100  null (0x00000000)
 - private 'container' 'Ljdk/internal/vm/ThreadContainer;' @104  null (0x00000000)
 - private volatile 'headStackableScopes' 'Ljdk/internal/vm/StackableScope;' @108  null (0x00000000)
R10=0x00007ff953ec9fb0 jvm.dll
R11=0x0000000000000038 is an unknown value
R12=0x0000002c01dfef00 is pointing into the stack for thread: 0x0000012cfc2f0680
R13=0x0000012cc8305860 points into unknown readable memory: 0x00007ff953e3a510 | 10 a5 e3 53 f9 7f 00 00
R14=0x0000012cfc2f0a48 points into unknown readable memory: 0x00007ff953e317b0 | b0 17 e3 53 f9 7f 00 00
R15=0x0000012cfc2f0a48 points into unknown readable memory: 0x00007ff953e317b0 | b0 17 e3 53 f9 7f 00 00

Top of Stack: (sp=0x0000002c01dfed90)
0x0000002c01dfed90:   0000002c01dfef00 0000012ccd801fd8   ....,.......,...
0x0000002c01dfeda0:   0000000000000000 0000012cfc2f0dd0   ........../.,...
0x0000002c01dfedb0:   0000000000000038 00007ff991d12b9b   8........+......
0x0000002c01dfedc0:   0000000000000000 0000012cfc2f0a48   ........H./.,...
0x0000002c01dfedd0:   0000002c01dfef01 0000000000000000   ....,...........
0x0000002c01dfede0:   0000012ccee94550 00007ff991d117f4   PE..,...........
0x0000002c01dfedf0:   0000000000000000 0000000000000038   ........8.......
0x0000002c01dfee00:   0000000000000000 0000000000000038   ........8.......
0x0000002c01dfee10:   0000002000000002 0000012ccee95870   .... ...pX..,...
0x0000002c01dfee20:   0000012ccee94550 0000012ccee94630   PE..,...0F..,...
0x0000002c01dfee30:   0000012ccee9464c 0000000000001e0c   LF..,...........
0x0000002c01dfee40:   0000000000000000 0000000000000000   ................
0x0000002c01dfee50:   0000000000000000 00007ff9536957d4   .........WiS....
0x0000002c01dfee60:   00007ff991e54ca0 00000000000042e4   .L.......B......
0x0000002c01dfee70:   00007ff991e54ca0 00000000ffffffff   .L..............
0x0000002c01dfee80:   0000000000000000 00007ff991d1206a   ........j ......
0x0000002c01dfee90:   0000012cfc2f0a48 0000000000000000   H./.,...........
0x0000002c01dfeea0:   0000002c01dfef09 0000012cc8305860   ....,...`X0.,...
0x0000002c01dfeeb0:   0000000000000004 0000000000000048   ........H.......
0x0000002c01dfeec0:   0000000800800310 0000000000000020   ........ .......
0x0000002c01dfeed0:   0000012cfc2f0a48 00007ff991e54ca0   H./.,....L......
0x0000002c01dfeee0:   0000012ceb51f6b0 0000012ccd0122a0   ..Q.,...."..,...
0x0000002c01dfeef0:   0000000800800390 0000012cfc2f0a48   ........H./.,...
0x0000002c01dfef00:   0000012ccee960d0 0000012ccee967d0   .`..,....g..,...
0x0000002c01dfef10:   0000012ccee967d0 00007ff991e54ca0   .g..,....L......
0x0000002c01dfef20:   0000012cc5d323a8 0000002c01dff098   .#..,.......,...
0x0000002c01dfef30:   0000002c01dff1d0 0000000000008840   ....,...@.......
0x0000002c01dfef40:   0000002c01dff3b0 00007ff991e54cf0   ....,....L......
0x0000002c01dfef50:   0000000000989680 0000000000989680   ................
0x0000002c01dfef60:   0000002c01dff070 00007ff991d0cc21   p...,...!.......
0x0000002c01dfef70:   00007ff991e54ca0 00007ff991e54cf8   .L.......L......
0x0000002c01dfef80:   00007ff900000000 00007ff900000001   ................

Instructions: (pc=0x00007ff991d126c4)
  0x00007ff991d125c4:   cc cc cc cc cc cc cc cc cc cc cc cc cc cc cc cc
  0x00007ff991d125d4:   cc cc cc cc cc cc cc cc cc cc cc cc cc cc cc cc
  0x00007ff991d125e4:   cc cc cc cc cc cc cc cc cc cc cc cc cc cc cc cc
  0x00007ff991d125f4:   cc cc cc cc cc cc cc cc cc cc cc cc cc cc cc cc
  0x00007ff991d12604:   cc cc cc cc cc cc cc cc cc cc cc cc cc cc cc cc
  0x00007ff991d12614:   cc cc cc cc cc cc cc cc cc cc cc cc cc cc cc cc
  0x00007ff991d12624:   cc cc cc cc cc cc cc cc cc cc cc cc cc cc cc cc
  0x00007ff991d12634:   cc cc cc cc cc cc cc cc cc cc cc cc cc cc cc cc
  0x00007ff991d12644:   cc cc cc cc cc cc cc cc cc cc cc cc 40 57 48 83
  0x00007ff991d12654:   ec 20 48 8b f9 48 8b 0d 10 28 14 00 48 85 c9 74
  0x00007ff991d12664:   20 48 8b 01 48 8d 54 24 38 41 b8 06 00 01 00 4c
  0x00007ff991d12674:   8b 48 30 41 ff d1 85 c0 75 07 48 8b 4c 24 38 eb
  0x00007ff991d12684:   02 33 c9 4c 8b 05 ea 28 14 00 48 89 5c 24 30 4d
  0x00007ff991d12694:   85 c0 74 4a 48 8b 01 48 8b d7 4c 8b 88 28 03 00
  0x00007ff991d126a4:   00 41 ff d1 48 85 c0 74 35 48 63 0d f8 e6 13 00
  0x00007ff991d126b4:   48 8b 14 01 48 85 d2 74 15 48 63 05 fc e6 13 00
=>0x00007ff991d126c4:   8b 04 10 48 8b 5c 24 30 48 83 c4 20 5f c3 b8 ff
  0x00007ff991d126d4:   ff ff ff 48 8b 5c 24 30 48 83 c4 20 5f c3 80 3d
  0x00007ff991d126e4:   9b 27 14 00 00 bb ff ff ff ff 74 20 4c 8b 0d 31
  0x00007ff991d126f4:   24 14 00 4c 8d 44 24 38 48 8b 0d 15 24 14 00 48
  0x00007ff991d12704:   8b d7 41 ff d1 85 c0 0f 44 5c 24 38 8b c3 48 8b
  0x00007ff991d12714:   5c 24 30 48 83 c4 20 5f c3 cc cc cc cc cc cc cc
  0x00007ff991d12724:   cc cc cc cc cc cc cc cc cc cc cc cc cc cc cc cc
  0x00007ff991d12734:   cc cc cc cc cc cc cc cc cc cc cc cc cc cc cc cc
  0x00007ff991d12744:   cc cc cc cc cc cc cc cc cc cc cc cc 48 89 54 24
  0x00007ff991d12754:   10 53 55 56 57 41 56 41 57 48 83 ec 28 48 8b f2
  0x00007ff991d12764:   4c 8b f1 48 89 4c 24 78 45 33 ff 44 89 7c 24 68
  0x00007ff991d12774:   c7 44 24 60 01 00 00 00 48 8d 4c 24 68 e8 ed 42
  0x00007ff991d12784:   f7 ff 8b d8 48 8d 4c 24 60 e8 e1 42 f7 ff 8b e8
  0x00007ff991d12794:   49 8b ce e8 00 fc f6 ff 48 8b f8 90 8b c3 f0 0f
  0x00007ff991d127a4:   b1 2f 74 04 f3 90 eb f4 4c 89 3e 4c 89 7e 08 4c
  0x00007ff991d127b4:   89 7e 10 49 8b 6e 08 4d 8b 76 10 49 3b ee 0f 84


Stack slot to memory mapping:

stack at sp + 0 slots: 0x0000002c01dfef00 is pointing into the stack for thread: 0x0000012cfc2f0680
stack at sp + 1 slots: 0x0000012ccd801fd8 points into unknown readable memory: 0x000000008af00000 | 00 00 f0 8a 00 00 00 00
stack at sp + 2 slots: 0x0 is null
stack at sp + 3 slots: 0x0000012cfc2f0dd0 points into unknown readable memory: 0x6e616c2e6176616a | 6a 61 76 61 2e 6c 61 6e
stack at sp + 4 slots: 0x0000000000000038 is an unknown value
stack at sp + 5 slots: 0x00007ff991d12b9b libasyncProfiler.dll
stack at sp + 6 slots: 0x0 is null
stack at sp + 7 slots: 0x0000012cfc2f0a48 points into unknown readable memory: 0x00007ff953e317b0 | b0 17 e3 53 f9 7f 00 00

Lock stack of current Java thread (top to bottom):


---------------  P R O C E S S  ---------------

Threads class SMR info:
_java_thread_list=0x0000012cc7d022b0, length=37, elements={
0x0000012cfc2e9970, 0x0000012cfc2ea0b0, 0x0000012cfc2ec780, 0x0000012cfc2f0680,
0x0000012cfc2f1d20, 0x0000012cfc2f34f0, 0x0000012cfc308fd0, 0x0000012cc5146e20,
0x0000012cc57bff60, 0x0000012cc57b76c0, 0x0000012cc6154bd0, 0x0000012cc6170950,
0x0000012cc6172eb0, 0x0000012cc66fb970, 0x0000012cc66faad0, 0x0000012cc66fb220,
0x0000012cc66fa380, 0x0000012cc66fc810, 0x0000012cc66fcf60, 0x0000012ccd4bd6c0,
0x0000012ccd4bb980, 0x0000012ccd4bde10, 0x0000012ccd4bcf70, 0x0000012ccd4bc0d0,
0x0000012ccd4baae0, 0x0000012ccd4bb230, 0x0000012ccd4bc820, 0x0000012cc82d6da0,
0x0000012cc82d6650, 0x0000012cc82d74f0, 0x0000012cc82d7c40, 0x0000012cc82d5f00,
0x0000012cc82d8390, 0x0000012ccd23d890, 0x0000012ccd23e020, 0x0000012cc82d5060,
0x0000012cc82d9980
}

Java Threads: ( => current thread )
  0x0000012cfc2e9970 JavaThread "Reference Handler"          daemon [_thread_blocked, id=13164, stack(0x0000002c01a00000,0x0000002c01b00000) (1024K)]
  0x0000012cfc2ea0b0 JavaThread "Finalizer"                  daemon [_thread_blocked, id=14948, stack(0x0000002c01b00000,0x0000002c01c00000) (1024K)]
  0x0000012cfc2ec780 JavaThread "Signal Dispatcher"          daemon [_thread_blocked, id=7392, stack(0x0000002c01c00000,0x0000002c01d00000) (1024K)]
=>0x0000012cfc2f0680 JavaThread "Attach Listener"            daemon [_thread_in_native, id=4728, stack(0x0000002c01d00000,0x0000002c01e00000) (1024K)]
  0x0000012cfc2f1d20 JavaThread "Service Thread"             daemon [_thread_blocked, id=6748, stack(0x0000002c01e00000,0x0000002c01f00000) (1024K)]
  0x0000012cfc2f34f0 JavaThread "Monitor Deflation Thread"   daemon [_thread_blocked, id=2128, stack(0x0000002c01f00000,0x0000002c02000000) (1024K)]
  0x0000012cfc308fd0 JavaThread "C1 CompilerThread0"         daemon [_thread_blocked, id=9700, stack(0x0000002c02000000,0x0000002c02100000) (1024K)]
  0x0000012cc5146e20 JavaThread "Common-Cleaner"             daemon [_thread_blocked, id=648, stack(0x0000002c02300000,0x0000002c02400000) (1024K)]
  0x0000012cc57bff60 JavaThread "Monitor Ctrl-Break"         daemon [_thread_in_native, id=8120, stack(0x0000002c02400000,0x0000002c02500000) (1024K)]
  0x0000012cc57b76c0 JavaThread "Notification Thread"        daemon [_thread_blocked, id=15988, stack(0x0000002c02500000,0x0000002c02600000) (1024K)]
  0x0000012cc6154bd0 JavaThread "RMI TCP Accept-0"           daemon [_thread_in_native, id=17760, stack(0x0000002c02600000,0x0000002c02700000) (1024K)]
  0x0000012cc6170950 JavaThread "RMI Scheduler(0)"           daemon [_thread_blocked, id=1228, stack(0x0000002c02800000,0x0000002c02900000) (1024K)]
  0x0000012cc6172eb0 JavaThread "JMX server connection timeout 31" daemon [_thread_blocked, id=9452, stack(0x0000002c02900000,0x0000002c02a00000) (1024K)]
  0x0000012cc66fb970 JavaThread "RMI TCP Connection(2)-192.168.37.49" daemon [_thread_in_native, id=19404, stack(0x0000002c03000000,0x0000002c03100000) (1024K)]
  0x0000012cc66faad0 JavaThread "Catalina-utility-1"                [_thread_blocked, id=2864, stack(0x0000002c03200000,0x0000002c03300000) (1024K)]
  0x0000012cc66fb220 JavaThread "Catalina-utility-2"                [_thread_blocked, id=10168, stack(0x0000002c03800000,0x0000002c03900000) (1024K)]
  0x0000012cc66fa380 JavaThread "container-0"                       [_thread_blocked, id=12364, stack(0x0000002c03900000,0x0000002c03a00000) (1024K)]
  0x0000012cc66fc810 JavaThread "mssql-jdbc-shared-timer-core-0" daemon [_thread_blocked, id=1092, stack(0x0000002c03b00000,0x0000002c03c00000) (1024K)]
  0x0000012cc66fcf60 JavaThread "HikariPool-1:housekeeper"   daemon [_thread_blocked, id=17252, stack(0x0000002c03c00000,0x0000002c03d00000) (1024K)]
  0x0000012ccd4bd6c0 JavaThread "http-nio-8080-exec-1"       daemon [_thread_blocked, id=4712, stack(0x0000002c02a00000,0x0000002c02b00000) (1024K)]
  0x0000012ccd4bb980 JavaThread "http-nio-8080-exec-2"       daemon [_thread_blocked, id=3652, stack(0x0000002c03d00000,0x0000002c03e00000) (1024K)]
  0x0000012ccd4bde10 JavaThread "http-nio-8080-exec-3"       daemon [_thread_blocked, id=11940, stack(0x0000002c03e00000,0x0000002c03f00000) (1024K)]
  0x0000012ccd4bcf70 JavaThread "http-nio-8080-exec-4"       daemon [_thread_blocked, id=7676, stack(0x0000002c03f00000,0x0000002c04000000) (1024K)]
  0x0000012ccd4bc0d0 JavaThread "http-nio-8080-exec-5"       daemon [_thread_blocked, id=9532, stack(0x0000002c04000000,0x0000002c04100000) (1024K)]
  0x0000012ccd4baae0 JavaThread "http-nio-8080-exec-6"       daemon [_thread_blocked, id=17604, stack(0x0000002c04100000,0x0000002c04200000) (1024K)]
  0x0000012ccd4bb230 JavaThread "http-nio-8080-exec-7"       daemon [_thread_blocked, id=10572, stack(0x0000002c04200000,0x0000002c04300000) (1024K)]
  0x0000012ccd4bc820 JavaThread "http-nio-8080-exec-8"       daemon [_thread_blocked, id=3208, stack(0x0000002c04300000,0x0000002c04400000) (1024K)]
  0x0000012cc82d6da0 JavaThread "http-nio-8080-exec-9"       daemon [_thread_blocked, id=15356, stack(0x0000002c04400000,0x0000002c04500000) (1024K)]
  0x0000012cc82d6650 JavaThread "http-nio-8080-exec-10"      daemon [_thread_blocked, id=17076, stack(0x0000002c04500000,0x0000002c04600000) (1024K)]
  0x0000012cc82d74f0 JavaThread "http-nio-8080-Poller"       daemon [_thread_in_native, id=17696, stack(0x0000002c04600000,0x0000002c04700000) (1024K)]
  0x0000012cc82d7c40 JavaThread "http-nio-8080-Acceptor"     daemon [_thread_in_native, id=3268, stack(0x0000002c04700000,0x0000002c04800000) (1024K)]
  0x0000012cc82d5f00 JavaThread "DestroyJavaVM"                     [_thread_blocked, id=7244, stack(0x0000002c01200000,0x0000002c01300000) (1024K)]
  0x0000012cc82d8390 JavaThread "RMI TCP Connection(idle)"   daemon [_thread_blocked, id=8988, stack(0x0000002c00f00000,0x0000002c01000000) (1024K)]
  0x0000012ccd23d890 JavaThread "C1 CompilerThread1"         daemon [_thread_blocked, id=4840, stack(0x0000002c01000000,0x0000002c01100000) (1024K)]
  0x0000012ccd23e020 JavaThread "C1 CompilerThread2"         daemon [_thread_blocked, id=7592, stack(0x0000002c01100000,0x0000002c01200000) (1024K)]
  0x0000012cc82d5060 JavaThread "JFR Recorder Thread"        daemon [_thread_in_native, id=13996, stack(0x0000002c02100000,0x0000002c02200000) (1024K)]
  0x0000012cc82d9980 JavaThread "JFR Periodic Tasks"         daemon [_thread_blocked, id=7692, stack(0x0000002c02200000,0x0000002c02300000) (1024K)]
Total: 37

Other Threads:
  0x0000012cfc2da8e0 VMThread "VM Thread"                           [id=18520, stack(0x0000002c01900000,0x0000002c01a00000) (1024K)]
  0x0000012cfc1a94e0 WatcherThread "VM Periodic Task Thread"        [id=18068, stack(0x0000002c01800000,0x0000002c01900000) (1024K)]
  0x0000012ceb4e9080 WorkerThread "GC Thread#0"                     [id=2804, stack(0x0000002c01300000,0x0000002c01400000) (1024K)]
  0x0000012cc64bfc90 WorkerThread "GC Thread#1"                     [id=5128, stack(0x0000002c02b00000,0x0000002c02c00000) (1024K)]
  0x0000012cc64ce700 WorkerThread "GC Thread#2"                     [id=15592, stack(0x0000002c02c00000,0x0000002c02d00000) (1024K)]
  0x0000012cc658cd40 WorkerThread "GC Thread#3"                     [id=16588, stack(0x0000002c02d00000,0x0000002c02e00000) (1024K)]
  0x0000012cc65c11c0 WorkerThread "GC Thread#4"                     [id=12448, stack(0x0000002c02e00000,0x0000002c02f00000) (1024K)]
  0x0000012cc65cdec0 WorkerThread "GC Thread#5"                     [id=15500, stack(0x0000002c02f00000,0x0000002c03000000) (1024K)]
  0x0000012cc65cf890 WorkerThread "GC Thread#6"                     [id=17192, stack(0x0000002c03100000,0x0000002c03200000) (1024K)]
  0x0000012cc65ce620 WorkerThread "GC Thread#7"                     [id=13824, stack(0x0000002c03300000,0x0000002c03400000) (1024K)]
  0x0000012cc65ce270 WorkerThread "GC Thread#8"                     [id=18680, stack(0x0000002c03400000,0x0000002c03500000) (1024K)]
  0x0000012cc6be7890 WorkerThread "GC Thread#9"                     [id=3008, stack(0x0000002c03500000,0x0000002c03600000) (1024K)]
  0x0000012ceb4fe280 ConcurrentGCThread "G1 Main Marker"            [id=9620, stack(0x0000002c01400000,0x0000002c01500000) (1024K)]
  0x0000012ceb4ff440 WorkerThread "G1 Conc#0"                       [id=14100, stack(0x0000002c01500000,0x0000002c01600000) (1024K)]
  0x0000012cc6bea120 WorkerThread "G1 Conc#1"                       [id=1744, stack(0x0000002c03600000,0x0000002c03700000) (1024K)]
  0x0000012cc6bea4d0 WorkerThread "G1 Conc#2"                       [id=5204, stack(0x0000002c03700000,0x0000002c03800000) (1024K)]
  0x0000012cfc199850 ConcurrentGCThread "G1 Refine#0"               [id=16932, stack(0x0000002c01600000,0x0000002c01700000) (1024K)]
  0x0000012cfc19a1e0 ConcurrentGCThread "G1 Service"                [id=5784, stack(0x0000002c01700000,0x0000002c01800000) (1024K)]
Total: 18

Threads with active compile tasks:
Total: 0

VM state: not at safepoint (normal execution)

VM Mutex/Monitor currently owned by a thread: None

Heap address: 0x000000008ac00000, size: 1876 MB, Compressed Oops mode: 32-bit

CDS archive(s) mapped at: [0x0000012c80000000-0x0000012c80d40000-0x0000012c80d40000), size 13893632, SharedBaseAddress: 0x0000012c80000000, ArchiveRelocationMode: 1.
Compressed class space mapped at: 0x0000012c81000000-0x0000012cc1000000, reserved size: 1073741824
UseCompressedClassPointers 1, UseCompactObjectHeaders 0
Narrow klass pointer bits 32, Max shift 3
Narrow klass base: 0x0000012c80000000, Narrow klass shift: 0
Encoding Range: [0x0000012c80000000 - 0x0000012d80000000), (4294967296 bytes)
Klass Range:    [0x0000012c80000000 - 0x0000012cc1000000), (1090519040 bytes)
Klass ID Range:  [8 - 1090519033) (1090519025)

GC Precious Log:
 CardTable entry size: 512
 Card Set container configuration: InlinePtr #cards 5 size 8 Array Of Cards #cards 10 size 36 Howl #buckets 4 coarsen threshold 1843 Howl Bitmap #cards 512 size 80 coarsen threshold 460 Card regions per heap region 1 cards per card region 2048
 CPUs: 12 total, 12 available
 Memory: 7501M
 Large Page Support: Disabled
 NUMA Support: Disabled
 Compressed Oops: Enabled (32-bit)
 Heap Region Size: 1M
 Heap Min Capacity: 8M
 Heap Initial Capacity: 118M
 Heap Max Capacity: 1876M
 Pre-touch: Disabled
 Parallel Workers: 10
 Concurrent Workers: 3
 Concurrent Refinement Workers: 10
 Periodic GC: Disabled

Heap:
 garbage-first heap   total reserved 1921024K, committed 102400K, used 81199K [0x000000008ac00000, 0x0000000100000000)
  region size 1024K, 24 young (24576K), 3 survivors (3072K)
 Metaspace       used 93401K, committed 94336K, reserved 1179648K
  class space    used 11103K, committed 11392K, reserved 1048576K

Heap Regions: E=young(eden), S=young(survivor), O=old, HS=humongous(starts), HC=humongous(continues), CS=collection set, F=free, TAMS=top-at-mark-start, PB=parsable bottom
|   0|0x000000008ac00000, 0x000000008ad00000, 0x000000008ad00000|100%|HS|  |TAMS 0x000000008ac00000| PB 0x000000008ac00000| Complete |  0
|   1|0x000000008ad00000, 0x000000008ae00000, 0x000000008ae00000|100%|HS|  |TAMS 0x000000008ad00000| PB 0x000000008ad00000| Complete |  0
|   2|0x000000008ae00000, 0x000000008af00000, 0x000000008af00000|100%|HS|  |TAMS 0x000000008ae00000| PB 0x000000008ae00000| Complete |  0
|   3|0x000000008af00000, 0x000000008b000000, 0x000000008b000000|100%| O|  |TAMS 0x000000008af00000| PB 0x000000008af00000| Untracked |  0
|   4|0x000000008b000000, 0x000000008b100000, 0x000000008b100000|100%| O|  |TAMS 0x000000008b000000| PB 0x000000008b000000| Untracked |  0
|   5|0x000000008b100000, 0x000000008b200000, 0x000000008b200000|100%| O|  |TAMS 0x000000008b100000| PB 0x000000008b100000| Untracked |  0
|   6|0x000000008b200000, 0x000000008b300000, 0x000000008b300000|100%| O|  |TAMS 0x000000008b200000| PB 0x000000008b200000| Untracked |  0
|   7|0x000000008b300000, 0x000000008b400000, 0x000000008b400000|100%| O|  |TAMS 0x000000008b300000| PB 0x000000008b300000| Untracked |  0
|   8|0x000000008b400000, 0x000000008b500000, 0x000000008b500000|100%| O|Cm|TAMS 0x000000008b400000| PB 0x000000008b400000| Complete |  0
|   9|0x000000008b500000, 0x000000008b600000, 0x000000008b600000|100%| O|Cm|TAMS 0x000000008b500000| PB 0x000000008b500000| Complete |  0
|  10|0x000000008b600000, 0x000000008b700000, 0x000000008b700000|100%| O|Cm|TAMS 0x000000008b600000| PB 0x000000008b600000| Complete |  0
|  11|0x000000008b700000, 0x000000008b800000, 0x000000008b800000|100%| O|Cm|TAMS 0x000000008b700000| PB 0x000000008b700000| Complete |  0
|  12|0x000000008b800000, 0x000000008b900000, 0x000000008b900000|100%| O|  |TAMS 0x000000008b800000| PB 0x000000008b800000| Untracked |  0
|  13|0x000000008b900000, 0x000000008ba00000, 0x000000008ba00000|100%| O|Cm|TAMS 0x000000008b900000| PB 0x000000008b900000| Complete |  0
|  14|0x000000008ba00000, 0x000000008bb00000, 0x000000008bb00000|100%| O|  |TAMS 0x000000008ba00000| PB 0x000000008ba00000| Untracked |  0
|  15|0x000000008bb00000, 0x000000008bc00000, 0x000000008bc00000|100%| O|  |TAMS 0x000000008bb00000| PB 0x000000008bb00000| Untracked |  0
|  16|0x000000008bc00000, 0x000000008bd00000, 0x000000008bd00000|100%| O|  |TAMS 0x000000008bc00000| PB 0x000000008bc00000| Untracked |  0
|  17|0x000000008bd00000, 0x000000008be00000, 0x000000008be00000|100%| O|  |TAMS 0x000000008bd00000| PB 0x000000008bd00000| Untracked |  0
|  18|0x000000008be00000, 0x000000008bf00000, 0x000000008bf00000|100%| O|  |TAMS 0x000000008be00000| PB 0x000000008be00000| Untracked |  0
|  19|0x000000008bf00000, 0x000000008c000000, 0x000000008c000000|100%| O|Cm|TAMS 0x000000008bf00000| PB 0x000000008bf00000| Complete |  0
|  20|0x000000008c000000, 0x000000008c100000, 0x000000008c100000|100%| O|  |TAMS 0x000000008c000000| PB 0x000000008c000000| Untracked |  0
|  21|0x000000008c100000, 0x000000008c200000, 0x000000008c200000|100%| O|  |TAMS 0x000000008c100000| PB 0x000000008c100000| Untracked |  0
|  22|0x000000008c200000, 0x000000008c300000, 0x000000008c300000|100%| O|Cm|TAMS 0x000000008c200000| PB 0x000000008c200000| Complete |  0
|  23|0x000000008c300000, 0x000000008c400000, 0x000000008c400000|100%| O|  |TAMS 0x000000008c300000| PB 0x000000008c300000| Untracked |  0
|  24|0x000000008c400000, 0x000000008c500000, 0x000000008c500000|100%| O|Cm|TAMS 0x000000008c400000| PB 0x000000008c400000| Complete |  0
|  25|0x000000008c500000, 0x000000008c600000, 0x000000008c600000|100%| O|  |TAMS 0x000000008c500000| PB 0x000000008c500000| Untracked |  0
|  26|0x000000008c600000, 0x000000008c700000, 0x000000008c700000|100%| O|  |TAMS 0x000000008c600000| PB 0x000000008c600000| Untracked |  0
|  27|0x000000008c700000, 0x000000008c800000, 0x000000008c800000|100%| O|Cm|TAMS 0x000000008c700000| PB 0x000000008c700000| Complete |  0
|  28|0x000000008c800000, 0x000000008c900000, 0x000000008c900000|100%| O|  |TAMS 0x000000008c800000| PB 0x000000008c800000| Untracked |  0
|  29|0x000000008c900000, 0x000000008c9a3d48, 0x000000008ca00000| 63%| O|  |TAMS 0x000000008c900000| PB 0x000000008c900000| Untracked |  0
|  30|0x000000008ca00000, 0x000000008cb00000, 0x000000008cb00000|100%| O|Cm|TAMS 0x000000008ca00000| PB 0x000000008ca00000| Complete |  0
|  31|0x000000008cb00000, 0x000000008cc00000, 0x000000008cc00000|100%| O|Cm|TAMS 0x000000008cb00000| PB 0x000000008cb00000| Complete |  0
|  32|0x000000008cc00000, 0x000000008cd00000, 0x000000008cd00000|100%| O|Cm|TAMS 0x000000008cc00000| PB 0x000000008cc00000| Complete |  0
|  33|0x000000008cd00000, 0x000000008ce00000, 0x000000008ce00000|100%| O|Cm|TAMS 0x000000008cd00000| PB 0x000000008cd00000| Complete |  0
|  34|0x000000008ce00000, 0x000000008cf00000, 0x000000008cf00000|100%| O|Cm|TAMS 0x000000008ce00000| PB 0x000000008ce00000| Complete |  0
|  35|0x000000008cf00000, 0x000000008d000000, 0x000000008d000000|100%| O|Cm|TAMS 0x000000008cf00000| PB 0x000000008cf00000| Complete |  0
|  36|0x000000008d000000, 0x000000008d100000, 0x000000008d100000|100%| O|  |TAMS 0x000000008d000000| PB 0x000000008d000000| Untracked |  0
|  37|0x000000008d100000, 0x000000008d200000, 0x000000008d200000|100%| O|  |TAMS 0x000000008d100000| PB 0x000000008d100000| Untracked |  0
|  38|0x000000008d200000, 0x000000008d300000, 0x000000008d300000|100%| O|Cm|TAMS 0x000000008d200000| PB 0x000000008d200000| Complete |  0
|  39|0x000000008d300000, 0x000000008d400000, 0x000000008d400000|100%| O|  |TAMS 0x000000008d300000| PB 0x000000008d300000| Untracked |  0
|  40|0x000000008d400000, 0x000000008d500000, 0x000000008d500000|100%| O|  |TAMS 0x000000008d400000| PB 0x000000008d400000| Untracked |  0
|  41|0x000000008d500000, 0x000000008d600000, 0x000000008d600000|100%| O|  |TAMS 0x000000008d500000| PB 0x000000008d500000| Untracked |  0
|  42|0x000000008d600000, 0x000000008d700000, 0x000000008d700000|100%| O|  |TAMS 0x000000008d600000| PB 0x000000008d600000| Untracked |  0
|  43|0x000000008d700000, 0x000000008d800000, 0x000000008d800000|100%| O|Cm|TAMS 0x000000008d700000| PB 0x000000008d700000| Complete |  0
|  44|0x000000008d800000, 0x000000008d900000, 0x000000008d900000|100%| O|  |TAMS 0x000000008d800000| PB 0x000000008d800000| Untracked |  0
|  45|0x000000008d900000, 0x000000008da00000, 0x000000008da00000|100%| O|  |TAMS 0x000000008d900000| PB 0x000000008d900000| Untracked |  0
|  46|0x000000008da00000, 0x000000008db00000, 0x000000008db00000|100%| O|Cm|TAMS 0x000000008da00000| PB 0x000000008da00000| Complete |  0
|  47|0x000000008db00000, 0x000000008dc00000, 0x000000008dc00000|100%| O|Cm|TAMS 0x000000008db00000| PB 0x000000008db00000| Complete |  0
|  48|0x000000008dc00000, 0x000000008dd00000, 0x000000008dd00000|100%| O|Cm|TAMS 0x000000008dc00000| PB 0x000000008dc00000| Complete |  0
|  49|0x000000008dd00000, 0x000000008de00000, 0x000000008de00000|100%| O|Cm|TAMS 0x000000008dd00000| PB 0x000000008dd00000| Complete |  0
|  50|0x000000008de00000, 0x000000008df00000, 0x000000008df00000|100%| O|Cm|TAMS 0x000000008de00000| PB 0x000000008de00000| Complete |  0
|  51|0x000000008df00000, 0x000000008e000000, 0x000000008e000000|100%| O|Cm|TAMS 0x000000008df00000| PB 0x000000008df00000| Complete |  0
|  52|0x000000008e000000, 0x000000008e100000, 0x000000008e100000|100%| O|  |TAMS 0x000000008e000000| PB 0x000000008e000000| Untracked |  0
|  53|0x000000008e100000, 0x000000008e200000, 0x000000008e200000|100%| O|  |TAMS 0x000000008e100000| PB 0x000000008e100000| Untracked |  0
|  54|0x000000008e200000, 0x000000008e300000, 0x000000008e300000|100%| O|Cm|TAMS 0x000000008e200000| PB 0x000000008e200000| Complete |  0
|  55|0x000000008e300000, 0x000000008e400000, 0x000000008e400000|100%| O|  |TAMS 0x000000008e300000| PB 0x000000008e300000| Untracked |  0
|  56|0x000000008e400000, 0x000000008e400000, 0x000000008e500000|  0%| F|  |TAMS 0x000000008e400000| PB 0x000000008e400000| Untracked |  0
|  57|0x000000008e500000, 0x000000008e500000, 0x000000008e600000|  0%| F|  |TAMS 0x000000008e500000| PB 0x000000008e500000| Untracked |  0
|  58|0x000000008e600000, 0x000000008e600000, 0x000000008e700000|  0%| F|  |TAMS 0x000000008e600000| PB 0x000000008e600000| Untracked |  0
|  59|0x000000008e700000, 0x000000008e700000, 0x000000008e800000|  0%| F|  |TAMS 0x000000008e700000| PB 0x000000008e700000| Untracked |  0
|  60|0x000000008e800000, 0x000000008e8a8180, 0x000000008e900000| 65%| S|CS|TAMS 0x000000008e800000| PB 0x000000008e800000| Complete |  0
|  61|0x000000008e900000, 0x000000008ea00000, 0x000000008ea00000|100%| S|CS|TAMS 0x000000008e900000| PB 0x000000008e900000| Complete |  0
|  62|0x000000008ea00000, 0x000000008ea00000, 0x000000008eb00000|  0%| F|  |TAMS 0x000000008ea00000| PB 0x000000008ea00000| Untracked |  0
|  63|0x000000008eb00000, 0x000000008eb00000, 0x000000008ec00000|  0%| F|  |TAMS 0x000000008eb00000| PB 0x000000008eb00000| Untracked |  0
|  64|0x000000008ec00000, 0x000000008ec00000, 0x000000008ed00000|  0%| F|  |TAMS 0x000000008ec00000| PB 0x000000008ec00000| Untracked |  0
|  65|0x000000008ed00000, 0x000000008ee00000, 0x000000008ee00000|100%| S|CS|TAMS 0x000000008ed00000| PB 0x000000008ed00000| Complete |  0
|  66|0x000000008ee00000, 0x000000008ee00000, 0x000000008ef00000|  0%| F|  |TAMS 0x000000008ee00000| PB 0x000000008ee00000| Untracked |  0
|  67|0x000000008ef00000, 0x000000008ef00000, 0x000000008f000000|  0%| F|  |TAMS 0x000000008ef00000| PB 0x000000008ef00000| Untracked |  0
|  68|0x000000008f000000, 0x000000008f000000, 0x000000008f100000|  0%| F|  |TAMS 0x000000008f000000| PB 0x000000008f000000| Untracked |  0
|  69|0x000000008f100000, 0x000000008f100000, 0x000000008f200000|  0%| F|  |TAMS 0x000000008f100000| PB 0x000000008f100000| Untracked |  0
|  70|0x000000008f200000, 0x000000008f200000, 0x000000008f300000|  0%| F|  |TAMS 0x000000008f200000| PB 0x000000008f200000| Untracked |  0
|  71|0x000000008f300000, 0x000000008f300000, 0x000000008f400000|  0%| F|  |TAMS 0x000000008f300000| PB 0x000000008f300000| Untracked |  0
|  72|0x000000008f400000, 0x000000008f400000, 0x000000008f500000|  0%| F|  |TAMS 0x000000008f400000| PB 0x000000008f400000| Untracked |  0
|  73|0x000000008f500000, 0x000000008f500000, 0x000000008f600000|  0%| F|  |TAMS 0x000000008f500000| PB 0x000000008f500000| Untracked |  0
|  74|0x000000008f600000, 0x000000008f600000, 0x000000008f700000|  0%| F|  |TAMS 0x000000008f600000| PB 0x000000008f600000| Untracked |  0
|  75|0x000000008f700000, 0x000000008f700000, 0x000000008f800000|  0%| F|  |TAMS 0x000000008f700000| PB 0x000000008f700000| Untracked |  0
|  76|0x000000008f800000, 0x000000008f800000, 0x000000008f900000|  0%| F|  |TAMS 0x000000008f800000| PB 0x000000008f800000| Untracked |  0
|  77|0x000000008f900000, 0x000000008f900000, 0x000000008fa00000|  0%| F|  |TAMS 0x000000008f900000| PB 0x000000008f900000| Untracked |  0
|  78|0x000000008fa00000, 0x000000008fa969f8, 0x000000008fb00000| 58%| E|  |TAMS 0x000000008fa00000| PB 0x000000008fa00000| Complete |  0
|  79|0x000000008fb00000, 0x000000008fc00000, 0x000000008fc00000|100%| E|CS|TAMS 0x000000008fb00000| PB 0x000000008fb00000| Complete |  0
|  80|0x000000008fc00000, 0x000000008fd00000, 0x000000008fd00000|100%| E|CS|TAMS 0x000000008fc00000| PB 0x000000008fc00000| Complete |  0
|  81|0x000000008fd00000, 0x000000008fe00000, 0x000000008fe00000|100%| E|CS|TAMS 0x000000008fd00000| PB 0x000000008fd00000| Complete |  0
|  82|0x000000008fe00000, 0x000000008ff00000, 0x000000008ff00000|100%| E|CS|TAMS 0x000000008fe00000| PB 0x000000008fe00000| Complete |  0
|  83|0x000000008ff00000, 0x0000000090000000, 0x0000000090000000|100%| E|CS|TAMS 0x000000008ff00000| PB 0x000000008ff00000| Complete |  0
|  84|0x0000000090000000, 0x0000000090100000, 0x0000000090100000|100%| E|CS|TAMS 0x0000000090000000| PB 0x0000000090000000| Complete |  0
|  85|0x0000000090100000, 0x0000000090200000, 0x0000000090200000|100%| E|CS|TAMS 0x0000000090100000| PB 0x0000000090100000| Complete |  0
|  86|0x0000000090200000, 0x0000000090300000, 0x0000000090300000|100%| E|CS|TAMS 0x0000000090200000| PB 0x0000000090200000| Complete |  0
|  87|0x0000000090300000, 0x0000000090400000, 0x0000000090400000|100%| E|CS|TAMS 0x0000000090300000| PB 0x0000000090300000| Complete |  0
|  88|0x0000000090400000, 0x0000000090500000, 0x0000000090500000|100%| E|CS|TAMS 0x0000000090400000| PB 0x0000000090400000| Complete |  0
|  89|0x0000000090500000, 0x0000000090600000, 0x0000000090600000|100%| E|CS|TAMS 0x0000000090500000| PB 0x0000000090500000| Complete |  0
|  90|0x0000000090600000, 0x0000000090700000, 0x0000000090700000|100%| E|CS|TAMS 0x0000000090600000| PB 0x0000000090600000| Complete |  0
|  91|0x0000000090700000, 0x0000000090800000, 0x0000000090800000|100%| E|CS|TAMS 0x0000000090700000| PB 0x0000000090700000| Complete |  0
| 102|0x0000000091200000, 0x0000000091300000, 0x0000000091300000|100%| E|CS|TAMS 0x0000000091200000| PB 0x0000000091200000| Complete |  0
| 103|0x0000000091300000, 0x0000000091400000, 0x0000000091400000|100%| E|CS|TAMS 0x0000000091300000| PB 0x0000000091300000| Complete |  0
| 104|0x0000000091400000, 0x0000000091500000, 0x0000000091500000|100%| E|CS|TAMS 0x0000000091400000| PB 0x0000000091400000| Complete |  0
| 105|0x0000000091500000, 0x0000000091600000, 0x0000000091600000|100%| E|CS|TAMS 0x0000000091500000| PB 0x0000000091500000| Complete |  0
| 106|0x0000000091600000, 0x0000000091700000, 0x0000000091700000|100%| E|CS|TAMS 0x0000000091600000| PB 0x0000000091600000| Complete |  0
| 117|0x0000000092100000, 0x0000000092200000, 0x0000000092200000|100%| E|CS|TAMS 0x0000000092100000| PB 0x0000000092100000| Complete |  0
|1874|0x00000000ffe00000, 0x00000000fff00000, 0x00000000fff00000|100%| O|  |TAMS 0x00000000ffe00000| PB 0x00000000ffe00000| Untracked |  0
|1875|0x00000000fff00000, 0x0000000100000000, 0x0000000100000000|100%| E|CS|TAMS 0x00000000fff00000| PB 0x00000000fff00000| Complete |  0

Card table byte_map: [0x0000012cf7510000,0x0000012cf78c0000] _byte_map_base: 0x0000012cf70ba000

Marking Bits: (CMBitMap*) 0x0000012ceb4e96a0
 Bits: [0x0000012cf78c0000, 0x0000012cf9610000)

Polling page: 0x0000012ceabb0000

Metaspace:

Usage:
  Non-class:     80.37 MB used.
      Class:     10.84 MB used.
       Both:     91.21 MB used.

Virtual space:
  Non-class space:      128.00 MB reserved,      81.00 MB ( 63%) committed,  2 nodes.
      Class space:        1.00 GB reserved,      11.12 MB (  1%) committed,  1 nodes.
             Both:        1.12 GB reserved,      92.12 MB (  8%) committed. 

Chunk freelists:
   Non-Class:  14.79 MB
       Class:  4.72 MB
        Both:  19.51 MB

MaxMetaspaceSize: unlimited
CompressedClassSpaceSize: 1.00 GB
Initial GC threshold: 21.00 MB
Current GC threshold: 152.19 MB
CDS: on
 - commit_granule_bytes: 65536.
 - commit_granule_words: 8192.
 - virtual_space_node_default_size: 8388608.
 - enlarge_chunks_in_place: 1.
UseCompressedClassPointers 1, UseCompactObjectHeaders 0
Narrow klass pointer bits 32, Max shift 3
Narrow klass base: 0x0000012c80000000, Narrow klass shift: 0
Encoding Range: [0x0000012c80000000 - 0x0000012d80000000), (4294967296 bytes)
Klass Range:    [0x0000012c80000000 - 0x0000012cc1000000), (1090519040 bytes)
Klass ID Range:  [8 - 1090519033) (1090519025)


Internal statistics:

num_allocs_failed_limit: 9.
num_arena_births: 1192.
num_arena_deaths: 344.
num_vsnodes_births: 3.
num_vsnodes_deaths: 0.
num_space_committed: 1474.
num_space_uncommitted: 0.
num_chunks_returned_to_freelist: 377.
num_chunks_taken_from_freelist: 4488.
num_chunk_merges: 90.
num_chunk_splits: 3217.
num_chunks_enlarged: 2589.
num_inconsistent_stats: 0.

CodeCache: size=49152Kb used=13163Kb max_used=13163Kb free=35988Kb
 bounds [0x0000012cf3d20000, 0x0000012cf4ae0000, 0x0000012cf6d20000]
 total_blobs=9366, nmethods=8553, adapters=736, full_count=0
Compilation: enabled, stopped_count=0, restarted_count=0

Compilation events (20 events):
Event: 995.211 Thread 0x0000012cfc308fd0 9419       1       jdk.jfr.internal.EventControl::getEventType (5 bytes)
Event: 995.211 Thread 0x0000012ccd23d890 9420       1       jdk.jfr.internal.EventControl::getSettingsId (5 bytes)
Event: 995.211 Thread 0x0000012ccd23e020 9421       1       jdk.jfr.internal.EventControl::getNamedControls (5 bytes)
Event: 995.212 Thread 0x0000012cfc308fd0 nmethod 9419 0x0000012cf41be988 code [0x0000012cf41bea80, 0x0000012cf41beb48]
Event: 995.212 Thread 0x0000012cfc308fd0 9423   !   1       jdk.jfr.internal.Control::setValue (102 bytes)
Event: 995.212 Thread 0x0000012ccd23d890 nmethod 9420 0x0000012cf41c3e08 code [0x0000012cf41c3f00, 0x0000012cf41c3fc8]
Event: 995.212 Thread 0x0000012ccd23e020 nmethod 9421 0x0000012cf41c5408 code [0x0000012cf41c5500, 0x0000012cf41c55c8]
Event: 995.212 Thread 0x0000012ccd23e020 9424       1       jdk.jfr.internal.SettingsManager$InternalSetting::getValues (35 bytes)
Event: 995.212 Thread 0x0000012ccd23d890 9425       1       jdk.jfr.internal.Control::apply (10 bytes)
Event: 995.212 Thread 0x0000012ccd23d890 nmethod 9425 0x0000012cf41d7f88 code [0x0000012cf41d80a0, 0x0000012cf41d81b0]
Event: 995.212 Thread 0x0000012ccd23d890 9426       1       jdk.jfr.internal.Control::findCombine (121 bytes)
Event: 995.212 Thread 0x0000012ccd23e020 nmethod 9424 0x0000012cf4360b88 code [0x0000012cf4360cc0, 0x0000012cf4360eb8]
Event: 995.212 Thread 0x0000012ccd23e020 9422       1       jdk.jfr.internal.PlatformEventType::isEnabled (5 bytes)
Event: 995.212 Thread 0x0000012ccd23e020 nmethod 9422 0x0000012cf41dcd08 code [0x0000012cf41dce00, 0x0000012cf41dcec8]
Event: 995.213 Thread 0x0000012ccd23d890 nmethod 9426 0x0000012cf42f0288 code [0x0000012cf42f0440, 0x0000012cf42f0bb0]
Event: 995.213 Thread 0x0000012cfc308fd0 nmethod 9423 0x0000012cf4271408 code [0x0000012cf4271600, 0x0000012cf4271c70]
Event: 995.219 Thread 0x0000012ccd23e020 9427       1       jdk.jfr.internal.periodic.EventTask::getEventType (5 bytes)
Event: 995.219 Thread 0x0000012ccd23e020 nmethod 9427 0x0000012cf41dd308 code [0x0000012cf41dd400, 0x0000012cf41dd4c8]
Event: 995.219 Thread 0x0000012cfc308fd0 9428       1       jdk.jfr.internal.periodic.PeriodicTask::getPeriod (5 bytes)
Event: 995.219 Thread 0x0000012cfc308fd0 nmethod 9428 0x0000012cf41e0208 code [0x0000012cf41e0300, 0x0000012cf41e03c8]

GC Heap History (20 events):
Event: 4.751 GC heap before
{Heap before GC invocations=9 (full 0):
 garbage-first heap   total reserved 1921024K, committed 95232K, used 77065K [0x000000008ac00000, 0x0000000100000000)
  region size 1024K, 47 young (48128K), 4 survivors (4096K)
 Metaspace       used 41827K, committed 42304K, reserved 1114112K
  class space    used 4734K, committed 4928K, reserved 1048576K
}
Event: 4.758 GC heap after
{Heap after GC invocations=10 (full 0):
 garbage-first heap   total reserved 1921024K, committed 95232K, used 36226K [0x000000008ac00000, 0x0000000100000000)
  region size 1024K, 5 young (5120K), 5 survivors (5120K)
 Metaspace       used 41827K, committed 42304K, reserved 1114112K
  class space    used 4734K, committed 4928K, reserved 1048576K
}
Event: 5.858 GC heap before
{Heap before GC invocations=10 (full 0):
 garbage-first heap   total reserved 1921024K, committed 95232K, used 79234K [0x000000008ac00000, 0x0000000100000000)
  region size 1024K, 47 young (48128K), 5 survivors (5120K)
 Metaspace       used 55510K, committed 56000K, reserved 1114112K
  class space    used 6118K, committed 6336K, reserved 1048576K
}
Event: 5.864 GC heap after
{Heap after GC invocations=11 (full 0):
 garbage-first heap   total reserved 1921024K, committed 95232K, used 39263K [0x000000008ac00000, 0x0000000100000000)
  region size 1024K, 3 young (3072K), 3 survivors (3072K)
 Metaspace       used 55510K, committed 56000K, reserved 1114112K
  class space    used 6118K, committed 6336K, reserved 1048576K
}
Event: 6.269 GC heap before
{Heap before GC invocations=11 (full 0):
 garbage-first heap   total reserved 1921024K, committed 95232K, used 55647K [0x000000008ac00000, 0x0000000100000000)
  region size 1024K, 21 young (21504K), 3 survivors (3072K)
 Metaspace       used 60280K, committed 60800K, reserved 1114112K
  class space    used 6589K, committed 6784K, reserved 1048576K
}
Event: 6.274 GC heap after
{Heap after GC invocations=12 (full 0):
 garbage-first heap   total reserved 1921024K, committed 95232K, used 40443K [0x000000008ac00000, 0x0000000100000000)
  region size 1024K, 5 young (5120K), 5 survivors (5120K)
 Metaspace       used 60280K, committed 60800K, reserved 1114112K
  class space    used 6589K, committed 6784K, reserved 1048576K
}
Event: 8.119 GC heap before
{Heap before GC invocations=13 (full 0):
 garbage-first heap   total reserved 1921024K, committed 95232K, used 81403K [0x000000008ac00000, 0x0000000100000000)
  region size 1024K, 45 young (46080K), 5 survivors (5120K)
 Metaspace       used 68982K, committed 69568K, reserved 1114112K
  class space    used 7736K, committed 7936K, reserved 1048576K
}
Event: 8.125 GC heap after
{Heap after GC invocations=14 (full 0):
 garbage-first heap   total reserved 1921024K, committed 95232K, used 43316K [0x000000008ac00000, 0x0000000100000000)
  region size 1024K, 5 young (5120K), 5 survivors (5120K)
 Metaspace       used 68982K, committed 69568K, reserved 1114112K
  class space    used 7736K, committed 7936K, reserved 1048576K
}
Event: 8.996 GC heap before
{Heap before GC invocations=14 (full 0):
 garbage-first heap   total reserved 1921024K, committed 95232K, used 82228K [0x000000008ac00000, 0x0000000100000000)
  region size 1024K, 43 young (44032K), 5 survivors (5120K)
 Metaspace       used 75933K, committed 76608K, reserved 1179648K
  class space    used 8705K, committed 8960K, reserved 1048576K
}
Event: 9.004 GC heap after
{Heap after GC invocations=15 (full 0):
 garbage-first heap   total reserved 1921024K, committed 95232K, used 45788K [0x000000008ac00000, 0x0000000100000000)
  region size 1024K, 6 young (6144K), 6 survivors (6144K)
 Metaspace       used 75933K, committed 76608K, reserved 1179648K
  class space    used 8705K, committed 8960K, reserved 1048576K
}
Event: 9.636 GC heap before
{Heap before GC invocations=15 (full 0):
 garbage-first heap   total reserved 1921024K, committed 95232K, used 81628K [0x000000008ac00000, 0x0000000100000000)
  region size 1024K, 42 young (43008K), 6 survivors (6144K)
 Metaspace       used 80629K, committed 81280K, reserved 1179648K
  class space    used 9417K, committed 9728K, reserved 1048576K
}
Event: 9.645 GC heap after
{Heap after GC invocations=16 (full 0):
 garbage-first heap   total reserved 1921024K, committed 95232K, used 49521K [0x000000008ac00000, 0x0000000100000000)
  region size 1024K, 4 young (4096K), 4 survivors (4096K)
 Metaspace       used 80629K, committed 81280K, reserved 1179648K
  class space    used 9417K, committed 9728K, reserved 1048576K
}
Event: 10.322 GC heap before
{Heap before GC invocations=16 (full 0):
 garbage-first heap   total reserved 1921024K, committed 95232K, used 84337K [0x000000008ac00000, 0x0000000100000000)
  region size 1024K, 38 young (38912K), 4 survivors (4096K)
 Metaspace       used 83899K, committed 84608K, reserved 1179648K
  class space    used 9888K, committed 10176K, reserved 1048576K
}
Event: 10.328 GC heap after
{Heap after GC invocations=17 (full 0):
 garbage-first heap   total reserved 1921024K, committed 95232K, used 53252K [0x000000008ac00000, 0x0000000100000000)
  region size 1024K, 4 young (4096K), 4 survivors (4096K)
 Metaspace       used 83899K, committed 84608K, reserved 1179648K
  class space    used 9888K, committed 10176K, reserved 1048576K
}
Event: 13.439 GC heap before
{Heap before GC invocations=18 (full 0):
 garbage-first heap   total reserved 1921024K, committed 95232K, used 82948K [0x000000008ac00000, 0x0000000100000000)
  region size 1024K, 34 young (34816K), 4 survivors (4096K)
 Metaspace       used 86504K, committed 87232K, reserved 1179648K
  class space    used 10232K, committed 10496K, reserved 1048576K
}
Event: 13.450 GC heap after
{Heap after GC invocations=19 (full 0):
 garbage-first heap   total reserved 1921024K, committed 95232K, used 56982K [0x000000008ac00000, 0x0000000100000000)
  region size 1024K, 4 young (4096K), 4 survivors (4096K)
 Metaspace       used 86504K, committed 87232K, reserved 1179648K
  class space    used 10232K, committed 10496K, reserved 1048576K
}
Event: 167.374 GC heap before
{Heap before GC invocations=19 (full 0):
 garbage-first heap   total reserved 1921024K, committed 95232K, used 83606K [0x000000008ac00000, 0x0000000100000000)
  region size 1024K, 31 young (31744K), 4 survivors (4096K)
 Metaspace       used 89001K, committed 89792K, reserved 1179648K
  class space    used 10600K, committed 10944K, reserved 1048576K
}
Event: 167.395 GC heap after
{Heap after GC invocations=20 (full 0):
 garbage-first heap   total reserved 1921024K, committed 95232K, used 58165K [0x000000008ac00000, 0x0000000100000000)
  region size 1024K, 3 young (3072K), 3 survivors (3072K)
 Metaspace       used 89001K, committed 89792K, reserved 1179648K
  class space    used 10600K, committed 10944K, reserved 1048576K
}
Event: 604.015 GC heap before
{Heap before GC invocations=20 (full 0):
 garbage-first heap   total reserved 1921024K, committed 95232K, used 83765K [0x000000008ac00000, 0x0000000100000000)
  region size 1024K, 29 young (29696K), 3 survivors (3072K)
 Metaspace       used 92730K, committed 93504K, reserved 1179648K
  class space    used 11034K, committed 11328K, reserved 1048576K
}
Event: 604.024 GC heap after
{Heap after GC invocations=21 (full 0):
 garbage-first heap   total reserved 1921024K, committed 95232K, used 60719K [0x000000008ac00000, 0x0000000100000000)
  region size 1024K, 3 young (3072K), 3 survivors (3072K)
 Metaspace       used 92730K, committed 93504K, reserved 1179648K
  class space    used 11034K, committed 11328K, reserved 1048576K
}

Dll operation events (14 events):
Event: 0.015 Loaded shared library C:\Program Files\Java\jdk-24\bin\java.dll
Event: 0.192 Loaded shared library C:\Program Files\Java\jdk-24\bin\zip.dll
Event: 0.196 Loaded shared library C:\Program Files\Java\jdk-24\bin\instrument.dll
Event: 0.203 Loaded shared library C:\Program Files\Java\jdk-24\bin\net.dll
Event: 0.207 Loaded shared library C:\Program Files\Java\jdk-24\bin\nio.dll
Event: 0.216 Loaded shared library C:\Program Files\Java\jdk-24\bin\zip.dll
Event: 0.272 Loaded shared library C:\Program Files\Java\jdk-24\bin\jimage.dll
Event: 0.412 Loaded shared library C:\Program Files\Java\jdk-24\bin\extnet.dll
Event: 0.423 Loaded shared library C:\Program Files\Java\jdk-24\bin\management.dll
Event: 0.445 Loaded shared library C:\Program Files\Java\jdk-24\bin\management_ext.dll
Event: 1.667 Loaded shared library C:\Program Files\Java\jdk-24\bin\verify.dll
Event: 2.174 Loaded shared library C:\Program Files\Java\jdk-24\bin\sunmscapi.dll
Event: 5.434 Loaded shared library C:\Users\rebik\Downloads\AppSpring\AppSpring\lib\mssql-jdbc_auth-12.10.0.x64.dll
Event: 994.902 Loaded shared library C:\Users\rebik\AppData\Local\Temp\idea_libasyncProfiler_dll_temp_folder2\libasyncProfiler.dll

Deoptimization events (0 events):
No events

Classes loaded (20 events):
Event: 995.171 Loading class jdk/jfr/internal/MetadataWriter
Event: 995.171 Loading class jdk/jfr/internal/MetadataWriter done
Event: 995.171 Loading class jdk/jfr/internal/MetadataDescriptor$Element
Event: 995.171 Loading class jdk/jfr/internal/MetadataDescriptor$Element done
Event: 995.172 Loading class jdk/jfr/internal/MetadataDescriptor$Attribute
Event: 995.172 Loading class jdk/jfr/internal/MetadataDescriptor$Attribute done
Event: 995.185 Loading class jdk/jfr/internal/consumer/StringParser$Encoding
Event: 995.186 Loading class jdk/jfr/internal/consumer/StringParser$Encoding done
Event: 995.197 Loading class jdk/jfr/internal/consumer/RepositoryFiles
Event: 995.198 Loading class jdk/jfr/internal/consumer/RepositoryFiles done
Event: 995.206 Loading class jdk/jfr/internal/SettingsManager$InternalSetting
Event: 995.206 Loading class jdk/jfr/internal/SettingsManager$InternalSetting done
Event: 995.209 Loading class jdk/jfr/internal/util/Rate
Event: 995.209 Loading class jdk/jfr/internal/util/Rate done
Event: 995.209 Loading class jdk/jfr/internal/util/TimespanUnit
Event: 995.209 Loading class jdk/jfr/internal/util/TimespanUnit done
Event: 995.210 Loading class jdk/jfr/internal/util/ValueParser
Event: 995.210 Loading class jdk/jfr/internal/util/ValueParser done
Event: 995.212 Loading class jdk/jfr/internal/periodic/PeriodicType
Event: 995.213 Loading class jdk/jfr/internal/periodic/PeriodicType done

Classes unloaded (20 events):
Event: 604.096 Thread 0x0000012cfc2da8e0 Unloading class 0x0000012c81091000 'java/lang/invoke/LambdaForm$MH+0x0000012c81091000'
Event: 604.096 Thread 0x0000012cfc2da8e0 Unloading class 0x0000012c81090000 'java/lang/invoke/LambdaForm$MH+0x0000012c81090000'
Event: 604.096 Thread 0x0000012cfc2da8e0 Unloading class 0x0000012c8108dc00 'java/lang/invoke/LambdaForm$MH+0x0000012c8108dc00'
Event: 604.096 Thread 0x0000012cfc2da8e0 Unloading class 0x0000012c8108d800 'java/lang/invoke/LambdaForm$MH+0x0000012c8108d800'
Event: 604.096 Thread 0x0000012cfc2da8e0 Unloading class 0x0000012c8108bc00 'java/lang/invoke/LambdaForm$BMH+0x0000012c8108bc00'
Event: 604.096 Thread 0x0000012cfc2da8e0 Unloading class 0x0000012c8108b400 'java/lang/invoke/LambdaForm$MH+0x0000012c8108b400'
Event: 604.096 Thread 0x0000012cfc2da8e0 Unloading class 0x0000012c8108a400 'java/lang/invoke/LambdaForm$MH+0x0000012c8108a400'
Event: 604.096 Thread 0x0000012cfc2da8e0 Unloading class 0x0000012c8108a000 'java/lang/invoke/LambdaForm$MH+0x0000012c8108a000'
Event: 604.096 Thread 0x0000012cfc2da8e0 Unloading class 0x0000012c81089c00 'java/lang/invoke/LambdaForm$MH+0x0000012c81089c00'
Event: 604.096 Thread 0x0000012cfc2da8e0 Unloading class 0x0000012c81089800 'java/lang/invoke/LambdaForm$BMH+0x0000012c81089800'
Event: 604.096 Thread 0x0000012cfc2da8e0 Unloading class 0x0000012c81088400 'java/lang/invoke/LambdaForm$MH+0x0000012c81088400'
Event: 604.096 Thread 0x0000012cfc2da8e0 Unloading class 0x0000012c81008c00 'java/lang/invoke/LambdaForm$MH+0x0000012c81008c00'
Event: 604.096 Thread 0x0000012cfc2da8e0 Unloading class 0x0000012c81007c00 'java/lang/invoke/LambdaForm$DMH+0x0000012c81007c00'
Event: 604.096 Thread 0x0000012cfc2da8e0 Unloading class 0x0000012c81007400 'java/lang/invoke/LambdaForm$DMH+0x0000012c81007400'
Event: 604.096 Thread 0x0000012cfc2da8e0 Unloading class 0x0000012c81007000 'java/lang/invoke/LambdaForm$DMH+0x0000012c81007000'
Event: 604.096 Thread 0x0000012cfc2da8e0 Unloading class 0x0000012c81006c00 'java/lang/invoke/LambdaForm$DMH+0x0000012c81006c00'
Event: 604.096 Thread 0x0000012cfc2da8e0 Unloading class 0x0000012c81003800 'java/lang/invoke/LambdaForm$MH+0x0000012c81003800'
Event: 604.096 Thread 0x0000012cfc2da8e0 Unloading class 0x0000012c81003400 'java/lang/invoke/LambdaForm$MH+0x0000012c81003400'
Event: 604.096 Thread 0x0000012cfc2da8e0 Unloading class 0x0000012c81003000 'java/lang/invoke/LambdaForm$MH+0x0000012c81003000'
Event: 604.096 Thread 0x0000012cfc2da8e0 Unloading class 0x0000012c81002400 'java/lang/invoke/LambdaForm$MH+0x0000012c81002400'

Classes redefined (0 events):
No events

Internal exceptions (20 events):
Event: 657.346 Thread 0x0000012cc66fcf60 Exception <a 'java/io/FileNotFoundException'{0x00000000921eebe0}> (0x00000000921eebe0) 
thrown [s\open\src\hotspot\share\prims\jni.cpp, line 518]
Event: 688.325 Thread 0x0000012cc66fcf60 Exception <a 'java/io/FileNotFoundException'{0x0000000091644f18}> (0x0000000091644f18) 
thrown [s\open\src\hotspot\share\prims\jni.cpp, line 518]
Event: 688.325 Thread 0x0000012cc66fcf60 Exception <a 'java/io/FileNotFoundException'{0x0000000091646438}> (0x0000000091646438) 
thrown [s\open\src\hotspot\share\prims\jni.cpp, line 518]
Event: 719.805 Thread 0x0000012cc66fcf60 Exception <a 'java/io/FileNotFoundException'{0x00000000915402c8}> (0x00000000915402c8) 
thrown [s\open\src\hotspot\share\prims\jni.cpp, line 518]
Event: 719.805 Thread 0x0000012cc66fcf60 Exception <a 'java/io/FileNotFoundException'{0x00000000915417e8}> (0x00000000915417e8) 
thrown [s\open\src\hotspot\share\prims\jni.cpp, line 518]
Event: 765.885 Thread 0x0000012cc66fcf60 Exception <a 'java/io/FileNotFoundException'{0x00000000915830b0}> (0x00000000915830b0) 
thrown [s\open\src\hotspot\share\prims\jni.cpp, line 518]
Event: 765.885 Thread 0x0000012cc66fcf60 Exception <a 'java/io/FileNotFoundException'{0x00000000915845d0}> (0x00000000915845d0) 
thrown [s\open\src\hotspot\share\prims\jni.cpp, line 518]
Event: 803.377 Thread 0x0000012cc66fcf60 Exception <a 'java/io/FileNotFoundException'{0x000000009133f370}> (0x000000009133f370) 
thrown [s\open\src\hotspot\share\prims\jni.cpp, line 518]
Event: 803.377 Thread 0x0000012cc66fcf60 Exception <a 'java/io/FileNotFoundException'{0x0000000091340890}> (0x0000000091340890) 
thrown [s\open\src\hotspot\share\prims\jni.cpp, line 518]
Event: 874.426 Thread 0x0000012cc66fcf60 Exception <a 'java/io/FileNotFoundException'{0x000000009073a1b0}> (0x000000009073a1b0) 
thrown [s\open\src\hotspot\share\prims\jni.cpp, line 518]
Event: 874.426 Thread 0x0000012cc66fcf60 Exception <a 'java/io/FileNotFoundException'{0x000000009073b6d0}> (0x000000009073b6d0) 
thrown [s\open\src\hotspot\share\prims\jni.cpp, line 518]
Event: 914.408 Thread 0x0000012cc66fcf60 Exception <a 'java/io/FileNotFoundException'{0x000000009065c668}> (0x000000009065c668) 
thrown [s\open\src\hotspot\share\prims\jni.cpp, line 518]
Event: 914.408 Thread 0x0000012cc66fcf60 Exception <a 'java/io/FileNotFoundException'{0x000000009065db88}> (0x000000009065db88) 
thrown [s\open\src\hotspot\share\prims\jni.cpp, line 518]
Event: 980.804 Thread 0x0000012cc66fcf60 Exception <a 'java/io/FileNotFoundException'{0x000000009068fd40}> (0x000000009068fd40) 
thrown [s\open\src\hotspot\share\prims\jni.cpp, line 518]
Event: 980.804 Thread 0x0000012cc66fcf60 Exception <a 'java/io/FileNotFoundException'{0x00000000905feba0}> (0x00000000905feba0) 
thrown [s\open\src\hotspot\share\prims\jni.cpp, line 518]
Event: 995.147 Thread 0x0000012cfc2f0680 Exception <a 'java/lang/NoSuchMethodError'{0x000000008fec8140}: 'void java.lang.invoke.DirectMethodHandle$Holder.invokeSpecial(java.lang.Object, java.lang.Object, int)'> (0x000000008fec8140) 
thrown [s\open\src\hotspot\share\interpreter\linkResolver.cpp, line 805]
Event: 995.147 Thread 0x0000012cfc2f0680 Exception <a 'java/lang/NoSuchMethodError'{0x000000008fecfd60}: 'void java.lang.invoke.Invokers$Holder.invokeExact_MT(java.lang.Object, int, java.lang.Object)'> (0x000000008fecfd60) 
thrown [s\open\src\hotspot\share\interpreter\linkResolver.cpp, line 805]
Event: 995.157 Thread 0x0000012cfc2f0680 Exception <a 'sun/nio/fs/WindowsException'{0x000000008fd1d1f0}> (0x000000008fd1d1f0) 
thrown [s\open\src\hotspot\share\prims\jni.cpp, line 518]
Event: 995.161 Thread 0x0000012cfc2f0680 Exception <a 'sun/nio/fs/WindowsException'{0x000000008fd417b0}> (0x000000008fd417b0) 
thrown [s\open\src\hotspot\share\prims\jni.cpp, line 518]
Event: 995.167 Thread 0x0000012cfc2f0680 Exception <a 'sun/nio/fs/WindowsException'{0x000000008fd53460}> (0x000000008fd53460) 
thrown [s\open\src\hotspot\share\prims\jni.cpp, line 518]

VM Operations (20 events):
Event: 167.513 Executing VM operation: HandshakeAllThreads (Deoptimize)
Event: 167.513 Executing VM operation: HandshakeAllThreads (Deoptimize) done
Event: 167.700 Executing VM operation: HandshakeAllThreads (Deoptimize)
Event: 167.700 Executing VM operation: HandshakeAllThreads (Deoptimize) done
Event: 167.819 Executing VM operation: HandshakeAllThreads (Deoptimize)
Event: 167.819 Executing VM operation: HandshakeAllThreads (Deoptimize) done
Event: 167.829 Executing VM operation: HandshakeAllThreads (Deoptimize)
Event: 167.830 Executing VM operation: HandshakeAllThreads (Deoptimize) done
Event: 180.339 Executing VM operation: HandshakeAllThreads (HandshakeForDeflation)
Event: 180.339 Executing VM operation: HandshakeAllThreads (HandshakeForDeflation) done
Event: 180.339 Executing VM operation: RendezvousGCThreads
Event: 180.339 Executing VM operation: RendezvousGCThreads done
Event: 604.015 Executing VM operation: G1CollectForAllocation (G1 Evacuation Pause)
Event: 604.025 Executing VM operation: G1CollectForAllocation (G1 Evacuation Pause) done
Event: 604.093 Executing VM operation: G1PauseRemark
Event: 604.164 Executing VM operation: G1PauseRemark done
Event: 604.185 Executing VM operation: G1PauseCleanup
Event: 604.185 Executing VM operation: G1PauseCleanup done
Event: 995.198 Executing VM operation: JFRSafepointClear
Event: 995.198 Executing VM operation: JFRSafepointClear done

Memory protections (0 events):
No events

Nmethod flushes (20 events):
Event: 604.161 Thread 0x0000012cfc2da8e0 flushing  nmethod 0x0000012cf4280c08
Event: 604.161 Thread 0x0000012cfc2da8e0 flushing  nmethod 0x0000012cf4280f08
Event: 604.161 Thread 0x0000012cfc2da8e0 flushing  nmethod 0x0000012cf4281888
Event: 604.161 Thread 0x0000012cfc2da8e0 flushing  nmethod 0x0000012cf4282a08
Event: 604.161 Thread 0x0000012cfc2da8e0 flushing  nmethod 0x0000012cf4297f88
Event: 604.161 Thread 0x0000012cfc2da8e0 flushing  nmethod 0x0000012cf4298508
Event: 604.161 Thread 0x0000012cfc2da8e0 flushing  nmethod 0x0000012cf4298e08
Event: 604.161 Thread 0x0000012cfc2da8e0 flushing  nmethod 0x0000012cf4299288
Event: 604.161 Thread 0x0000012cfc2da8e0 flushing  nmethod 0x0000012cf4299788
Event: 604.161 Thread 0x0000012cfc2da8e0 flushing  nmethod 0x0000012cf4299d88
Event: 604.161 Thread 0x0000012cfc2da8e0 flushing  nmethod 0x0000012cf42d2288
Event: 604.161 Thread 0x0000012cfc2da8e0 flushing  nmethod 0x0000012cf42d2588
Event: 604.161 Thread 0x0000012cfc2da8e0 flushing  nmethod 0x0000012cf42d2888
Event: 604.161 Thread 0x0000012cfc2da8e0 flushing  nmethod 0x0000012cf42d2c88
Event: 604.161 Thread 0x0000012cfc2da8e0 flushing  nmethod 0x0000012cf42d2f88
Event: 604.161 Thread 0x0000012cfc2da8e0 flushing  nmethod 0x0000012cf42d3388
Event: 604.161 Thread 0x0000012cfc2da8e0 flushing  nmethod 0x0000012cf42d3788
Event: 604.161 Thread 0x0000012cfc2da8e0 flushing  nmethod 0x0000012cf42d4188
Event: 604.161 Thread 0x0000012cfc2da8e0 flushing  nmethod 0x0000012cf462c388
Event: 604.161 Thread 0x0000012cfc2da8e0 flushing  nmethod 0x0000012cf4852308

Events (20 events):
Event: 14.204 Thread 0x0000012cc82d9980 Thread exited: 0x0000012cc82d9980
Event: 14.212 Thread 0x0000012cc82d57b0 Thread exited: 0x0000012cc82d57b0
Event: 16.023 Thread 0x0000012ccd23e020 Thread exited: 0x0000012ccd23e020
Event: 16.255 Thread 0x0000012cc82d5060 Thread exited: 0x0000012cc82d5060
Event: 23.186 Thread 0x0000012ccd23c1e0 Thread exited: 0x0000012ccd23c1e0
Event: 53.847 Thread 0x0000012cfc308fd0 Thread added: 0x0000012ccd23ba50
Event: 54.528 Thread 0x0000012ccd23ba50 Thread exited: 0x0000012ccd23ba50
Event: 73.626 Thread 0x0000012cc66fc0c0 Thread exited: 0x0000012cc66fc0c0
Event: 90.733 Thread 0x0000012cc82d8390 Thread exited: 0x0000012cc82d8390
Event: 90.733 Thread 0x0000012cc615f4a0 Thread exited: 0x0000012cc615f4a0
Event: 105.741 Thread 0x0000012cc82da0d0 Thread exited: 0x0000012cc82da0d0
Event: 167.715 Thread 0x0000012cfc308fd0 Thread added: 0x0000012ccd23d890
Event: 173.468 Thread 0x0000012ccd23d890 Thread exited: 0x0000012ccd23d890
Event: 600.784 Thread 0x0000012cc6154bd0 Thread added: 0x0000012cc82d8390
Event: 676.181 Thread 0x0000012cc82d8390 Thread exited: 0x0000012cc82d8390
Event: 960.800 Thread 0x0000012cc6154bd0 Thread added: 0x0000012cc82d8390
Event: 994.986 Thread 0x0000012cfc308fd0 Thread added: 0x0000012ccd23d890
Event: 994.989 Thread 0x0000012ccd23d890 Thread added: 0x0000012ccd23e020
Event: 995.025 Thread 0x0000012cfc2f0680 Thread added: 0x0000012cc82d5060
Event: 995.151 Thread 0x0000012cfc2f0680 Thread added: 0x0000012cc82d9980


Dynamic libraries:
0x00007ff61dd10000 - 0x00007ff61dd20000 	C:\Program Files\Java\jdk-24\bin\java.exe
0x00007ff9b5a60000 - 0x00007ff9b5cc8000 	C:\WINDOWS\SYSTEM32\ntdll.dll
0x00007ff9b4820000 - 0x00007ff9b48e9000 	C:\WINDOWS\System32\KERNEL32.DLL
0x00007ff9b3410000 - 0x00007ff9b37fd000 	C:\WINDOWS\System32\KERNELBASE.dll
0x00007ff9b2c50000 - 0x00007ff9b2d9b000 	C:\WINDOWS\System32\ucrtbase.dll
0x00007ff9aca80000 - 0x00007ff9aca96000 	C:\Program Files\Java\jdk-24\bin\jli.dll
0x00007ff9ae870000 - 0x00007ff9ae88b000 	C:\Program Files\Java\jdk-24\bin\VCRUNTIME140.dll
0x00007ff9b4aa0000 - 0x00007ff9b4c6c000 	C:\WINDOWS\System32\USER32.dll
0x00007ff997400000 - 0x00007ff99769a000 	C:\WINDOWS\WinSxS\amd64_microsoft.windows.common-controls_6595b64144ccf1df_6.0.26100.4484_none_3e0e6d4ce32ef3b3\COMCTL32.dll
0x00007ff9b2fb0000 - 0x00007ff9b2fd7000 	C:\WINDOWS\System32\win32u.dll
0x00007ff9b38f0000 - 0x00007ff9b3999000 	C:\WINDOWS\System32\msvcrt.dll
0x00007ff9b3a60000 - 0x00007ff9b3a8b000 	C:\WINDOWS\System32\GDI32.dll
0x00007ff9b32d0000 - 0x00007ff9b3407000 	C:\WINDOWS\System32\gdi32full.dll
0x00007ff9b30a0000 - 0x00007ff9b3143000 	C:\WINDOWS\System32\msvcp_win.dll
0x00007ff9b4c70000 - 0x00007ff9b4c9f000 	C:\WINDOWS\System32\IMM32.DLL
0x00007ff9af820000 - 0x00007ff9af82c000 	C:\Program Files\Java\jdk-24\bin\vcruntime140_1.dll
0x00007ff99f820000 - 0x00007ff99f8ae000 	C:\Program Files\Java\jdk-24\bin\msvcp140.dll
0x00007ff953200000 - 0x00007ff953fa2000 	C:\Program Files\Java\jdk-24\bin\server\jvm.dll
0x00007ff9b4050000 - 0x00007ff9b4104000 	C:\WINDOWS\System32\ADVAPI32.dll
0x00007ff9b4110000 - 0x00007ff9b41b6000 	C:\WINDOWS\System32\sechost.dll
0x00007ff9b5410000 - 0x00007ff9b5528000 	C:\WINDOWS\System32\RPCRT4.dll
0x00007ff9b5530000 - 0x00007ff9b55a4000 	C:\WINDOWS\System32\WS2_32.dll
0x00007ff9b2860000 - 0x00007ff9b28be000 	C:\WINDOWS\SYSTEM32\POWRPROF.dll
0x00007ff9ab230000 - 0x00007ff9ab23b000 	C:\WINDOWS\SYSTEM32\VERSION.dll
0x00007ff9a7f30000 - 0x00007ff9a7f65000 	C:\WINDOWS\SYSTEM32\WINMM.dll
0x00007ff9b2840000 - 0x00007ff9b2854000 	C:\WINDOWS\SYSTEM32\UMPDC.dll
0x00007ff9b1910000 - 0x00007ff9b192b000 	C:\WINDOWS\SYSTEM32\kernel.appcore.dll
0x00007ff9af7f0000 - 0x00007ff9af7fa000 	C:\Program Files\Java\jdk-24\bin\jimage.dll
0x00007ff9b0340000 - 0x00007ff9b0581000 	C:\WINDOWS\SYSTEM32\DBGHELP.DLL
0x00007ff9b3cc0000 - 0x00007ff9b4046000 	C:\WINDOWS\System32\combase.dll
0x00007ff9b3800000 - 0x00007ff9b38e0000 	C:\WINDOWS\System32\OLEAUT32.dll
0x00007ff997310000 - 0x00007ff997353000 	C:\WINDOWS\SYSTEM32\dbgcore.DLL
0x00007ff9b2bb0000 - 0x00007ff9b2c49000 	C:\WINDOWS\System32\bcryptPrimitives.dll
0x00007ff9acab0000 - 0x00007ff9acabf000 	C:\Program Files\Java\jdk-24\bin\instrument.dll
0x00007ff9ac9f0000 - 0x00007ff9aca0e000 	C:\Program Files\Java\jdk-24\bin\java.dll
0x00007ff9b48f0000 - 0x00007ff9b4a8e000 	C:\WINDOWS\System32\ole32.dll
0x00007ff9b4cc0000 - 0x00007ff9b540a000 	C:\WINDOWS\System32\SHELL32.dll
0x00007ff9b2da0000 - 0x00007ff9b2f14000 	C:\WINDOWS\System32\wintypes.dll
0x00007ff9b07b0000 - 0x00007ff9b100b000 	C:\WINDOWS\SYSTEM32\windows.storage.dll
0x00007ff9b46d0000 - 0x00007ff9b47c5000 	C:\WINDOWS\System32\SHCORE.dll
0x00007ff9b5790000 - 0x00007ff9b57fa000 	C:\WINDOWS\System32\shlwapi.dll
0x00007ff9b2ac0000 - 0x00007ff9b2aef000 	C:\WINDOWS\SYSTEM32\profapi.dll
0x00007ff9a8830000 - 0x00007ff9a8847000 	C:\Program Files\Java\jdk-24\bin\zip.dll
0x00007ff9aca70000 - 0x00007ff9aca80000 	C:\Program Files\Java\jdk-24\bin\net.dll
0x00007ff9b1e80000 - 0x00007ff9b1eea000 	C:\WINDOWS\system32\mswsock.dll
0x00007ff9ac060000 - 0x00007ff9ac076000 	C:\Program Files\Java\jdk-24\bin\nio.dll
0x00007ff9b1410000 - 0x00007ff9b1536000 	C:\WINDOWS\SYSTEM32\DNSAPI.dll
0x00007ff9b13d0000 - 0x00007ff9b1403000 	C:\WINDOWS\SYSTEM32\IPHLPAPI.DLL
0x00007ff9b41c0000 - 0x00007ff9b41ca000 	C:\WINDOWS\System32\NSI.dll
0x00007ff9abbe0000 - 0x00007ff9abbeb000 	C:\Windows\System32\rasadhlp.dll
0x00007ff9ac940000 - 0x00007ff9ac9c6000 	C:\WINDOWS\System32\fwpuclnt.dll
0x00007ff9ac050000 - 0x00007ff9ac059000 	C:\Program Files\Java\jdk-24\bin\extnet.dll
0x00007ff9a8b30000 - 0x00007ff9a8b3a000 	C:\Program Files\Java\jdk-24\bin\management.dll
0x00007ff99f990000 - 0x00007ff99f99b000 	C:\Program Files\Java\jdk-24\bin\management_ext.dll
0x00007ff9b5820000 - 0x00007ff9b5828000 	C:\WINDOWS\System32\PSAPI.DLL
0x00007ff9b2260000 - 0x00007ff9b227b000 	C:\WINDOWS\SYSTEM32\CRYPTSP.dll
0x00007ff9b1870000 - 0x00007ff9b18ab000 	C:\WINDOWS\system32\rsaenh.dll
0x00007ff9b1f20000 - 0x00007ff9b1f4b000 	C:\WINDOWS\SYSTEM32\USERENV.dll
0x00007ff9b2a90000 - 0x00007ff9b2ab6000 	C:\WINDOWS\SYSTEM32\bcrypt.dll
0x00007ff9b20c0000 - 0x00007ff9b20cc000 	C:\WINDOWS\SYSTEM32\CRYPTBASE.dll
0x00007ff9976b0000 - 0x00007ff9976c8000 	C:\WINDOWS\system32\napinsp.dll
0x00007ff9973e0000 - 0x00007ff9973f2000 	C:\WINDOWS\System32\winrnr.dll
0x00007ff9973a0000 - 0x00007ff9973d0000 	C:\WINDOWS\system32\nlansp_c.dll
0x00007ff9aa460000 - 0x00007ff9aa480000 	C:\WINDOWS\system32\wshbth.dll
0x00007ff996570000 - 0x00007ff9965be000 	C:\WINDOWS\SYSTEM32\pdh.dll
0x00007ff9ac9d0000 - 0x00007ff9ac9e2000 	C:\WINDOWS\System32\perfproc.dll
0x00007ff99f970000 - 0x00007ff99f980000 	C:\Program Files\Java\jdk-24\bin\verify.dll
0x00007ff99f980000 - 0x00007ff99f98e000 	C:\Program Files\Java\jdk-24\bin\sunmscapi.dll
0x00007ff9b3150000 - 0x00007ff9b32c7000 	C:\WINDOWS\System32\CRYPT32.dll
0x00007ff9b23b0000 - 0x00007ff9b23e0000 	C:\WINDOWS\SYSTEM32\ncrypt.dll
0x00007ff9b2360000 - 0x00007ff9b239f000 	C:\WINDOWS\SYSTEM32\NTASN1.dll
0x00007ff9944d0000 - 0x00007ff994521000 	C:\Users\rebik\Downloads\AppSpring\AppSpring\lib\mssql-jdbc_auth-12.10.0.x64.dll
0x00007ff9af5a0000 - 0x00007ff9af5ad000 	C:\WINDOWS\system32\secur32.dll
0x00007ff9b1bc0000 - 0x00007ff9b1c09000 	C:\WINDOWS\SYSTEM32\SSPICLI.DLL
0x00007ff9b1f50000 - 0x00007ff9b20ae000 	C:\WINDOWS\system32\kerberos.DLL
0x00007ff9b59a0000 - 0x00007ff9b5a1d000 	C:\WINDOWS\System32\WLDAP32.dll
0x00007ff9b2280000 - 0x00007ff9b22a6000 	C:\WINDOWS\SYSTEM32\Kerb3961.dll
0x00007ff9b1de0000 - 0x00007ff9b1e78000 	C:\WINDOWS\system32\msv1_0.DLL
0x00007ff9b22e0000 - 0x00007ff9b22f7000 	C:\WINDOWS\SYSTEM32\NtlmShared.dll
0x00007ff98fc90000 - 0x00007ff98fcbb000 	C:\WINDOWS\system32\ntdsapi.dll
0x00007ff99e020000 - 0x00007ff99e028000 	C:\WINDOWS\system32\wshunix.dll
0x00007ff991c80000 - 0x00007ff991e78000 	C:\Users\rebik\AppData\Local\Temp\idea_libasyncProfiler_dll_temp_folder2\libasyncProfiler.dll

JVMTI agents:
C:\Program Files\JetBrains\IntelliJ IDEA 2025.1.2\lib\idea_rt.jar path:C:\Program Files\Java\jdk-24\bin\instrument.dll, loaded, initialized, instrumentlib options:57399

dbghelp: loaded successfully - version: 4.0.5 - missing functions: none
symbol engine: initialized successfully - sym options: 0x614 - pdb path: .;C:\Program Files\Java\jdk-24\bin;C:\WINDOWS\SYSTEM32;C:\WINDOWS\WinSxS\amd64_microsoft.windows.common-controls_6595b64144ccf1df_6.0.26100.4484_none_3e0e6d4ce32ef3b3;C:\Program Files\Java\jdk-24\bin\server;C:\Users\rebik\Downloads\AppSpring\AppSpring\lib;C:\Users\rebik\AppData\Local\Temp\idea_libasyncProfiler_dll_temp_folder2

VM Arguments:
jvm_args: -Djava.library.path=C:\Users\rebik\Downloads\AppSpring\AppSpring\lib --enable-native-access=ALL-UNNAMED -XX:TieredStopAtLevel=1 -Dspring.output.ansi.enabled=always -Dcom.sun.management.jmxremote -Dspring.jmx.enabled=true -Dspring.liveBeansView.mbeanDomain -Dspring.application.admin.enabled=true -Dmanagement.endpoints.jmx.exposure.include=* -Dfile.encoding=UTF-8 -Dsun.stdout.encoding=UTF-8 -Dsun.stderr.encoding=UTF-8 -XX:TieredStopAtLevel=1 -Dspring.output.ansi.enabled=always -Dcom.sun.management.jmxremote -Dspring.jmx.enabled=true -Dspring.liveBeansView.mbeanDomain -Dspring.application.admin.enabled=true -Dmanagement.endpoints.jmx.exposure.include=* -javaagent:C:\Program Files\JetBrains\IntelliJ IDEA 2025.1.2\lib\idea_rt.jar=57399 
java_command: by.lyofchik.AppSpring.AppSpringApplication
java_class_path (initial): C:\Users\rebik\Downloads\AppSpring\AppSpring\target\classes;C:\Users\rebik\.m2\repository\org\springframework\boot\spring-boot-starter-web\3.5.3\spring-boot-starter-web-3.5.3.jar;C:\Users\rebik\.m2\repository\org\springframework\boot\spring-boot-starter\3.5.3\spring-boot-starter-3.5.3.jar;C:\Users\rebik\.m2\repository\org\springframework\boot\spring-boot\3.5.3\spring-boot-3.5.3.jar;C:\Users\rebik\.m2\repository\org\springframework\boot\spring-boot-autoconfigure\3.5.3\spring-boot-autoconfigure-3.5.3.jar;C:\Users\rebik\.m2\repository\org\springframework\boot\spring-boot-starter-logging\3.5.3\spring-boot-starter-logging-3.5.3.jar;C:\Users\rebik\.m2\repository\ch\qos\logback\logback-classic\1.5.18\logback-classic-1.5.18.jar;C:\Users\rebik\.m2\repository\ch\qos\logback\logback-core\1.5.18\logback-core-1.5.18.jar;C:\Users\rebik\.m2\repository\org\apache\logging\log4j\log4j-to-slf4j\2.24.3\log4j-to-slf4j-2.24.3.jar;C:\Users\rebik\.m2\repository\org\apache\logging\log4j\log4j-api\2.24.3\log4j-api-2.24.3.jar;C:\Users\rebik\.m2\repository\org\slf4j\jul-to-slf4j\2.0.17\jul-to-slf4j-2.0.17.jar;C:\Users\rebik\.m2\repository\jakarta\annotation\jakarta.annotation-api\2.1.1\jakarta.annotation-api-2.1.1.jar;C:\Users\rebik\.m2\repository\org\springframework\spring-core\6.2.8\spring-core-6.2.8.jar;C:\Users\rebik\.m2\repository\org\springframework\spring-jcl\6.2.8\spring-jcl-6.2.8.jar;C:\Users\rebik\.m2\repository\org\yaml\snakeyaml\2.4\snakeyaml-2.4.jar;C:\Users\rebik\.m2\repository\org\springframework\boot\spring-boot-starter-json\3.5.3\spring-boot-starter-json-3.5.3.jar;C:\Users\rebik\.m2\repository\com\fasterxml\jackson\core\jackson-databind\2.19.1\jackson-databind-2.19.1.jar;C:\Users\rebik\.m2\repository\com\fasterxml\jackson\core\jackson-annotations\2.19.1\jackson-annotations-2.19.1.jar;C:\Users\rebik\.m2\repository\com\fasterxml\jackson\core\jackson-core\2.19.1\jackson-core-2.19.1.jar;C:\Users\rebik\.m2\repository\com\fasterxml\jackson\datatype\jackson-datatype-jdk8\2.19.1\jackson-datatype-jdk8-2.19.1.jar;C:\Users\rebik\.m2\repository\com\fasterxml\jackson\datatype\jackson-datatype-jsr310\2.19.1\jackson-datatype-jsr310-2.19.1.jar;C:\Users\rebik\.m2\repository\com\fasterxml\jackson\module\jackson-module-parameter-names\2.19.1\jackson-module-parameter-names-2.19.1.jar;C:\Users\rebik\.m2\repository\org\springframework\boot\spring-boot-starter-tomcat\3.5.3\spring-boot-starter-tomcat-3.5.3.jar;C:\Users\rebik\.m2\repository\org\apache\tomcat\embed\tomcat-embed-core\10.1.42\tomcat-embed-core-10.1.42.jar;C:\Users\rebik\.m2\repository\org\apache\tomcat\embed\tomcat-embed-websocket\10.1.42\tomcat-embed-websocket-10.1.42.jar;C:\Users\rebik\.m2\repository\org\springframework\spring-web\6.2.8\spring-web-6.2.8.jar;C:\Users\rebik\.m2\repository\org\springframework\spring-beans\6.2.8\spring-beans-6.2.8.jar;C:\Users\rebik\.m2\repository\org\springframework\spring-webmvc\6.2.8\spring-webmvc-6.2.8.jar;C:\Users\rebik\.m2\repository\org\springframework\spring-context\6.2.8\spring-context-6.2.8.jar;C:\Users\rebik\.m2\repository\org\springframework\spring-expression\6.2.8\spring-expression-6.2.8.jar;C:\Users\rebik\.m2\repository\org\springframework\boot\spring-boot-starter-data-jpa\3.5.3\spring-boot-starter-data-jpa-3.5.3.jar;C:\Users\rebik\.m2\repository\org\springframework\boot\spring-boot-starter-jdbc\3.5.3\spring-boot-starter-jdbc-3.5.3.jar;C:\Users\rebik\.m2\repository\com\zaxxer\HikariCP\6.3.0\HikariCP-6.3.0.jar;C:\Users\rebik\.m2\repository\org\springframework\spring-jdbc\6.2.8\spring-jdbc-6.2.8.jar;C:\Users\rebik\.m2\repository\org\hibernate\orm\hibernate-core\6.6.18.Final\hibernate-core-6.6.18.Final.jar;C:\Users\rebik\.m2\repository\jakarta\persistence\jakarta.persistence-api\3.1.0\jakarta.persistence-api-3.1.0.jar;C:\Users\rebik\.m2\repository\jakarta\transaction\jakarta.transaction-api\2.0.1\jakarta.transaction-api-2.0.1.jar;C:\Users\rebik\.m2\repository\org\jboss\logging\jboss-logging\3.6.1.Final\jboss-logging-3.6.1.Final.jar;C:\Users\rebik\.m2\repository\org\hibernate\common\hibernate-commons-annotations\7.0.3.Final\hibernate-commons-annotations-7.0.3.Final.jar;C:\Users\rebik\.m2\repository\io\smallrye\jandex\3.2.0\jandex-3.2.0.jar;C:\Users\rebik\.m2\repository\com\fasterxml\classmate\1.7.0\classmate-1.7.0.jar;C:\Users\rebik\.m2\repository\net\bytebuddy\byte-buddy\1.17.6\byte-buddy-1.17.6.jar;C:\Users\rebik\.m2\repository\jakarta\xml\bind\jakarta.xml.bind-api\4.0.2\jakarta.xml.bind-api-4.0.2.jar;C:\Users\rebik\.m2\repository\org\glassfish\jaxb\jaxb-runtime\4.0.5\jaxb-runtime-4.0.5.jar;C:\Users\rebik\.m2\repository\org\glassfish\jaxb\jaxb-core\4.0.5\jaxb-core-4.0.5.jar;C:\Users\rebik\.m2\repository\org\glassfish\jaxb\txw2\4.0.5\txw2-4.0.5.jar;C:\Users\rebik\.m2\repository\com\sun\istack\istack-commons-runtime\4.1.2\istack-commons-runtime-4.1.2.jar;C:\Users\rebik\.m2\repository\jakarta\inject\jakarta.inject-api\2.0.1\jakarta.inject-api-2.0.1.jar;C:\Users\rebik\.m2\repository\org\antlr\antlr4-runtime\4.13.0\antlr4-runtime-4.13.0.jar;C:\Users\rebik\.m2\repository\org\springframework\data\spring-data-jpa\3.5.1\spring-data-jpa-3.5.1.jar;C:\Users\rebik\.m2\repository\org\springframework\data\spring-data-commons\3.5.1\spring-data-commons-3.5.1.jar;C:\Users\rebik\.m2\repository\org\springframework\spring-orm\6.2.8\spring-orm-6.2.8.jar;C:\Users\rebik\.m2\repository\org\springframework\spring-tx\6.2.8\spring-tx-6.2.8.jar;C:\Users\rebik\.m2\repository\org\springframework\spring-aspects\6.2.8\spring-aspects-6.2.8.jar;C:\Users\rebik\.m2\repository\org\aspectj\aspectjweaver\1.9.24\aspectjweaver-1.9.24.jar;C:\Users\rebik\.m2\repository\org\springframework\boot\spring-boot-starter-security\3.5.3\spring-boot-starter-security-3.5.3.jar;C:\Users\rebik\.m2\repository\org\springframework\spring-aop\6.2.8\spring-aop-6.2.8.jar;C:\Users\rebik\.m2\repository\org\springframework\security\spring-security-config\6.5.1\spring-security-config-6.5.1.jar;C:\Users\rebik\.m2\repository\org\springframework\security\spring-security-core\6.5.1\spring-security-core-6.5.1.jar;C:\Users\rebik\.m2\repository\org\springframework\security\spring-security-web\6.5.1\spring-security-web-6.5.1.jar;C:\Users\rebik\.m2\repository\org\springframework\boot\spring-boot-starter-validation\3.5.3\spring-boot-starter-validation-3.5.3.jar;C:\Users\rebik\.m2\repository\org\apache\tomcat\embed\tomcat-embed-el\10.1.42\tomcat-embed-el-10.1.42.jar;C:\Users\rebik\.m2\repository\org\hibernate\validator\hibernate-validator\8.0.2.Final\hibernate-validator-8.0.2.Final.jar;C:\Users\rebik\.m2\repository\jakarta\validation\jakarta.validation-api\3.0.2\jakarta.validation-api-3.0.2.jar;C:\Users\rebik\.m2\repository\org\modelmapper\modelmapper\3.2.4\modelmapper-3.2.4.jar;C:\Users\rebik\.m2\repository\org\thymeleaf\extras\thymeleaf-extras-springsecurity6\3.1.3.RELEASE\thymeleaf-extras-springsecurity6-3.1.3.RELEASE.jar;C:\Users\rebik\.m2\repository\org\thymeleaf\thymeleaf-spring6\3.1.3.RELEASE\thymeleaf-spring6-3.1.3.RELEASE.jar;C:\Users\rebik\.m2\repository\org\thymeleaf\thymeleaf\3.1.3.RELEASE\thymeleaf-3.1.3.RELEASE.jar;C:\Users\rebik\.m2\repository\org\attoparser\attoparser\2.0.7.RELEASE\attoparser-2.0.7.RELEASE.jar;C:\Users\rebik\.m2\repository\org\unbescape\unbescape\1.1.6.RELEASE\unbescape-1.1.6.RELEASE.jar;C:\Users\rebik\.m2\repository\org\slf4j\slf4j-api\2.0.17\slf4j-api-2.0.17.jar;C:\Users\rebik\.m2\repository\com\microsoft\sqlserver\mssql-jdbc\12.10.0.jre11\mssql-jdbc-12.10.0.jre11.jar;C:\Users\rebik\.m2\repository\org\springframework\boot\spring-boot-starter-thymeleaf\3.5.3\spring-boot-starter-thymeleaf-3.5.3.jar;C:\Users\rebik\.m2\repository\org\projectlombok\lombok\1.18.38\lombok-1.18.38.jar;C:\Users\rebik\.m2\repository\com\querydsl\querydsl-core\5.1.0\querydsl-core-5.1.0.jar;C:\Users\rebik\.m2\repository\com\mysema\commons\mysema-commons-lang\0.2.4\mysema-commons-lang-0.2.4.jar;C:\Users\rebik\.m2\repository\com\querydsl\querydsl-jpa\5.1.0\querydsl-jpa-5.1.0-jakarta.jar;C:\Users\rebik\.m2\repository\com\querydsl\querydsl-sql\5.1.0\querydsl-sql-5.1.0.jar;C:\Users\rebik\.m2\repository\com\querydsl\querydsl-apt\5.1.0\querydsl-apt-5.1.0-jakarta.jar;C:\Users\rebik\.m2\repository\com\querydsl\querydsl-apt\5.1.0\querydsl-apt-5.1.0.jar;C:\Users\rebik\.m2\repository\com\querydsl\querydsl-codegen\5.1.0\querydsl-codegen-5.1.0.jar;C:\Users\rebik\.m2\repository\com\querydsl\codegen-utils\5.1.0\codegen-utils-5.1.0.jar;C:\Users\rebik\.m2\repository\org\eclipse\jdt\ecj\3.26.0\ecj-3.26.0.jar;C:\Users\rebik\.m2\repository\javax\inject\javax.inject\1\javax.inject-1.jar;C:\Users\rebik\.m2\repository\io\github\classgraph\classgraph\4.8.146\classgraph-4.8.146.jar;C:\Users\rebik\.m2\repository\org\springdoc\springdoc-openapi-starter-webmvc-ui\2.6.0\springdoc-openapi-starter-webmvc-ui-2.6.0.jar;C:\Users\rebik\.m2\repository\org\springdoc\springdoc-openapi-starter-webmvc-api\2.6.0\springdoc-openapi-starter-webmvc-api-2.6.0.jar;C:\Users\rebik\.m2\repository\org\springdoc\springdoc-openapi-starter-common\2.6.0\springdoc-openapi-starter-common-2.6.0.jar;C:\Users\rebik\.m2\repository\io\swagger\core\v3\swagger-core-jakarta\2.2.22\swagger-core-jakarta-2.2.22.jar;C:\Users\rebik\.m2\repository\org\apache\commons\commons-lang3\3.17.0\commons-lang3-3.17.0.jar;C:\Users\rebik\.m2\repository\io\swagger\core\v3\swagger-annotations-jakarta\2.2.22\swagger-annotations-jakarta-2.2.22.jar;C:\Users\rebik\.m2\repository\io\swagger\core\v3\swagger-models-jakarta\2.2.22\swagger-models-jakarta-2.2.22.jar;C:\Users\rebik\.m2\repository\com\fasterxml\jackson\dataformat\jackson-dataformat-yaml\2.19.1\jackson-dataformat-yaml-2.19.1.jar;C:\Users\rebik\.m2\repository\org\webjars\swagger-ui\5.17.14\swagger-ui-5.17.14.jar;C:\Users\rebik\.m2\repository\org\springframework\boot\spring-boot-starter-actuator\3.5.3\spring-boot-starter-actuator-3.5.3.jar;C:\Users\rebik\.m2\repository\org\springframework\boot\spring-boot-actuator-autoconfigure\3.5.3\spring-boot-actuator-autoconfigure-3.5.3.jar;C:\Users\rebik\.m2\repository\org\springframework\boot\spring-boot-actuator\3.5.3\spring-boot-actuator-3.5.3.jar;C:\Users\rebik\.m2\repository\io\micrometer\micrometer-observation\1.15.1\micrometer-observation-1.15.1.jar;C:\Users\rebik\.m2\repository\io\micrometer\micrometer-commons\1.15.1\micrometer-commons-1.15.1.jar;C:\Users\rebik\.m2\repository\io\micrometer\micrometer-jakarta9\1.15.1\micrometer-jakarta9-1.15.1.jar;C:\Users\rebik\.m2\repository\io\micrometer\micrometer-core\1.15.1\micrometer-core-1.15.1.jar;C:\Users\rebik\.m2\repository\org\hdrhistogram\HdrHistogram\2.2.2\HdrHistogram-2.2.2.jar;C:\Users\rebik\.m2\repository\org\latencyutils\LatencyUtils\2.0.3\LatencyUtils-2.0.3.jar;C:\Users\rebik\.m2\repository\org\springframework\cloud\spring-cloud-starter-openfeign\4.3.0\spring-cloud-starter-openfeign-4.3.0.jar;C:\Users\rebik\.m2\repository\org\springframework\cloud\spring-cloud-starter\4.3.0\spring-cloud-starter-4.3.0.jar;C:\Users\rebik\.m2\repository\org\springframework\cloud\spring-cloud-context\4.3.0\spring-cloud-context-4.3.0.jar;C:\Users\rebik\.m2\repository\org\bouncycastle\bcprov-jdk18on\1.80\bcprov-jdk18on-1.80.jar;C:\Users\rebik\.m2\repository\org\springframework\cloud\spring-cloud-openfeign-core\4.3.0\spring-cloud-openfeign-core-4.3.0.jar;C:\Users\rebik\.m2\repository\io\github\openfeign\feign-form-spring\13.6\feign-form-spring-13.6.jar;C:\Users\rebik\.m2\repository\org\apache\commons\commons-text\1.13.0\commons-text-1.13.0.jar;C:\Users\rebik\.m2\repository\io\github\openfeign\feign-form\13.6\feign-form-13.6.jar;C:\Users\rebik\.m2\repository\commons-fileupload\commons-fileupload\1.5\commons-fileupload-1.5.jar;C:\Users\rebik\.m2\repository\org\springframework\cloud\spring-cloud-commons\4.3.0\spring-cloud-commons-4.3.0.jar;C:\Users\rebik\.m2\repository\org\springframework\security\spring-security-crypto\6.5.1\spring-security-crypto-6.5.1.jar;C:\Users\rebik\.m2\repository\io\github\openfeign\feign-core\13.6\feign-core-13.6.jar;C:\Users\rebik\.m2\repository\io\github\openfeign\feign-slf4j\13.6\feign-slf4j-13.6.jar;C:\Users\rebik\.m2\repository\org\springframework\boot\spring-boot-starter-mail\3.5.3\spring-boot-starter-mail-3.5.3.jar;C:\Users\rebik\.m2\repository\org\springframework\spring-context-support\6.2.8\spring-context-support-6.2.8.jar;C:\Users\rebik\.m2\repository\org\eclipse\angus\jakarta.mail\2.0.3\jakarta.mail-2.0.3.jar;C:\Users\rebik\.m2\repository\jakarta\activation\jakarta.activation-api\2.1.3\jakarta.activation-api-2.1.3.jar;C:\Users\rebik\.m2\repository\org\eclipse\angus\angus-activation\2.0.2\angus-activation-2.0.2.jar
Launcher Type: SUN_STANDARD

[Global flags]
     intx CICompilerCount                          = 4                                         {product} {ergonomic}
     uint ConcGCThreads                            = 3                                         {product} {ergonomic}
     bool FlightRecorder                           = true                                      {product} {management}
     uint G1ConcRefinementThreads                  = 10                                        {product} {ergonomic}
   size_t G1HeapRegionSize                         = 1048576                                   {product} {ergonomic}
   size_t InitialHeapSize                          = 123731968                                 {product} {ergonomic}
     bool ManagementServer                         = true                                      {product} {command line}
   size_t MarkStackSize                            = 4194304                                   {product} {ergonomic}
   size_t MarkStackSizeMax                         = 536870912                                 {product} {ergonomic}
   size_t MaxHeapSize                              = 1967128576                                {product} {ergonomic}
   size_t MaxNewSize                               = 1179648000                                {product} {ergonomic}
   size_t MinHeapDeltaBytes                        = 1048576                                   {product} {ergonomic}
   size_t MinHeapSize                              = 8388608                                   {product} {ergonomic}
    uintx NonNMethodCodeHeapSize                   = 4096                                   {pd product} {ergonomic}
    uintx NonProfiledCodeHeapSize                  = 0                                      {pd product} {ergonomic}
     bool ProfileInterpreter                       = false                                  {pd product} {command line}
    uintx ProfiledCodeHeapSize                     = 0                                      {pd product} {ergonomic}
   size_t SoftMaxHeapSize                          = 1967128576                             {manageable} {ergonomic}
     intx TieredStopAtLevel                        = 1                                         {product} {command line}
     bool UseCompressedOops                        = true                           {product lp64_product} {ergonomic}
     bool UseG1GC                                  = true                                      {product} {ergonomic}
     bool UseLargePagesIndividualAllocation        = false                                  {pd product} {ergonomic}

Logging:
Log output configuration:
 #0: stdout all=warning uptime,level,tags foldmultilines=false
 #1: stderr all=off uptime,level,tags foldmultilines=false

Environment Variables:
JAVA_HOME=C:\Program Files\Java\jdk-24
PATH=C:\Program Files (x86)\NVIDIA Corporation\PhysX\Common;C:\Program Files\Microsoft\jdk-11.0.12.7-hotspot\bin;C:\Windows\system32;C:\Windows;C:\Windows\System32\Wbem;C:\Windows\System32\WindowsPowerShell\v1.0\;C:\Windows\System32\OpenSSH\;C:\Program Files\Microsoft SQL Server\150\Tools\Binn\;C:\Program Files\Microsoft SQL Server\Client SDK\ODBC\170\Tools\Binn\;C:\Program Files\dotnet\;C:\WINDOWS\system32;C:\WINDOWS;C:\WINDOWS\System32\Wbem;C:\WINDOWS\System32\WindowsPowerShell\v1.0\;C:\WINDOWS\System32\OpenSSH\;C:\Program Files\MATLAB\R2016a\runtime\win64;C:\Program Files\MATLAB\R2016a\bin;C:\Program Files\MATLAB\R2016a\polyspace\bin;C:\Program Files (x86)\Microsoft SQL Server\160\DTS\Binn\;C:\Program Files (x86)\Microsoft SQL Server\160\Tools\Binn\;C:\Program Files\Microsoft SQL Server\160\Tools\Binn\;C:\Program Files\Microsoft SQL Server\160\DTS\Binn\;C:\Program Files (x86)\Windows Kits\8.1\Windows Performance Toolkit\;C:\Program Files\apache-maven-3.9.10\bin;C:\Program Files\Git\cmd;C:\Program Files\Java\jdk-24\bin;C:\Users\rebik\AppData\Local\Microsoft\WindowsApps;C:\Users\rebik\.dotnet\tools;
USERNAME=rebik
OS=Windows_NT
PROCESSOR_IDENTIFIER=AMD64 Family 23 Model 104 Stepping 1, AuthenticAMD
TMP=C:\Users\rebik\AppData\Local\Temp
TEMP=C:\Users\rebik\AppData\Local\Temp




Periodic native trim disabled

---------------  S Y S T E M  ---------------

OS:
 Windows 11 , 64 bit Build 26100 (10.0.26100.4484)
OS uptime: 1 days 2:33 hours
Hyper-V role detected

CPU: total 12 (initial active 12) (12 cores per cpu, 2 threads per core) family 23 model 104 stepping 1 microcode 0x8608109, cx8, cmov, fxsr, ht, mmx, 3dnowpref, sse, sse2, sse3, ssse3, sse4a, sse4.1, sse4.2, popcnt, lzcnt, tsc, tscinvbit, avx, avx2, aes, clmul, bmi1, bmi2, adx, sha, fma, vzeroupper, clflush, clflushopt, hv, rdtscp, rdpid, f16c
Processor Information for the first 12 processors :
  Max Mhz: 2100, Current Mhz: 2100, Mhz Limit: 2100

Memory: 4k page, system-wide physical 7501M (1327M free)
TotalPageFile size 20301M (AvailPageFile size 5172M)
current process WorkingSet (physical memory assigned to process): 252M, peak: 283M
current process commit charge ("private bytes"): 375M, peak: 375M

vm_info: Java HotSpot(TM) 64-Bit Server VM (24.0.1+9-30) for windows-amd64 JRE (24.0.1+9-30), built on 2025-03-05T07:23:45Z with MS VC++ 17.6 (VS2022)

END.
